mar. 22, 2025 7:44:42 P.M. org.l2jdevs.util.data.xml.IXmlReader parseFile
ADVERTENCIA: ArmorSetsData: Could not parse file special.xml at line 129, column 19
org.xml.sax.SAXParseException; systemId: file:/Z:/L2%20Another%20Server/game/data/stats/armorsets/special.xml; lineNumber: 129; columnNumber: 19; cvc-complex-type.2.4.d: Se ha encontrado contenido no válido a partir del elemento 'men'. No se espera ningún elemento secundario en este punto.
	at java.xml/com.sun.org.apache.xerces.internal.util.ErrorHandlerWrapper.createSAXParseException(ErrorHandlerWrapper.java:204)
	at java.xml/com.sun.org.apache.xerces.internal.util.ErrorHandlerWrapper.error(ErrorHandlerWrapper.java:135)
	at java.xml/com.sun.org.apache.xerces.internal.impl.XMLErrorReporter.reportError(XMLErrorReporter.java:396)
	at java.xml/com.sun.org.apache.xerces.internal.impl.XMLErrorReporter.reportError(XMLErrorReporter.java:327)
	at java.xml/com.sun.org.apache.xerces.internal.impl.XMLErrorReporter.reportError(XMLErrorReporter.java:284)
	at java.xml/com.sun.org.apache.xerces.internal.impl.xs.XMLSchemaValidator$XSIErrorReporter.reportError(XMLSchemaValidator.java:511)
	at java.xml/com.sun.org.apache.xerces.internal.impl.xs.XMLSchemaValidator.reportSchemaError(XMLSchemaValidator.java:3587)
	at java.xml/com.sun.org.apache.xerces.internal.impl.xs.XMLSchemaValidator.handleStartElement(XMLSchemaValidator.java:1988)
	at java.xml/com.sun.org.apache.xerces.internal.impl.xs.XMLSchemaValidator.emptyElement(XMLSchemaValidator.java:849)
	at java.xml/com.sun.org.apache.xerces.internal.impl.XMLNSDocumentScannerImpl.scanStartElement(XMLNSDocumentScannerImpl.java:351)
	at java.xml/com.sun.org.apache.xerces.internal.impl.XMLDocumentFragmentScannerImpl$FragmentContentDriver.next(XMLDocumentFragmentScannerImpl.java:2725)
	at java.xml/com.sun.org.apache.xerces.internal.impl.XMLDocumentScannerImpl.next(XMLDocumentScannerImpl.java:605)
	at java.xml/com.sun.org.apache.xerces.internal.impl.XMLNSDocumentScannerImpl.next(XMLNSDocumentScannerImpl.java:112)
	at java.xml/com.sun.org.apache.xerces.internal.impl.XMLDocumentFragmentScannerImpl.scanDocument(XMLDocumentFragmentScannerImpl.java:541)
	at java.xml/com.sun.org.apache.xerces.internal.parsers.XML11Configuration.parse(XML11Configuration.java:888)
	at java.xml/com.sun.org.apache.xerces.internal.parsers.XML11Configuration.parse(XML11Configuration.java:824)
	at java.xml/com.sun.org.apache.xerces.internal.parsers.XMLParser.parse(XMLParser.java:141)
	at java.xml/com.sun.org.apache.xerces.internal.parsers.DOMParser.parse(DOMParser.java:246)
	at java.xml/com.sun.org.apache.xerces.internal.jaxp.DocumentBuilderImpl.parse(DocumentBuilderImpl.java:339)
	at java.xml/javax.xml.parsers.DocumentBuilder.parse(DocumentBuilder.java:206)
	at org.l2jdevs.util.data.xml.IXmlReader.parseFile(IXmlReader.java:89)
	at org.l2jdevs.util.data.xml.IXmlReader.parseDirectory(IXmlReader.java:159)
	at org.l2jdevs.util.data.xml.IXmlReader.parseDatapackDirectory(IXmlReader.java:174)
	at org.l2jdevs.gameserver.data.xml.impl.ArmorSetsData.load(ArmorSetsData.java:52)
	at org.l2jdevs.gameserver.data.xml.impl.ArmorSetsData.<init>(ArmorSetsData.java:45)
	at org.l2jdevs.gameserver.data.xml.impl.ArmorSetsData$SingletonHolder.<clinit>(ArmorSetsData.java:194)
	at org.l2jdevs.gameserver.data.xml.impl.ArmorSetsData.getInstance(ArmorSetsData.java:189)
	at org.l2jdevs.gameserver.GameServer.<init>(GameServer.java:218)
	at org.l2jdevs.gameserver.GameServer.main(GameServer.java:465)

