2025.03.21 19:31:53,293	INFO	1	org.l2jdevs.gameserver.GameServer	------------------------------------------------=[ Database ]
2025.03.21 19:31:53,348	INFO	1	org.l2jdevs.gameserver.dao.factory.impl.DAOFactory	Using MySQL DAO Factory.
2025.03.21 19:31:53,353	INFO	1	org.l2jdevs.commons.database.pool.impl.ConnectionFactory	Using HikariCP connection pool.
2025.03.21 19:31:53,354	INFO	1	org.l2jdevs.gameserver.GameServer	GameServer: Used memory: 9MB.
2025.03.21 19:31:53,356	INFO	1	com.zaxxer.hikari.HikariDataSource	HikariPool-1 - Starting...
2025.03.21 19:31:53,501	INFO	1	com.zaxxer.hikari.HikariDataSource	HikariPool-1 - Start completed.
2025.03.21 19:31:53,512	INFO	1	org.l2jdevs.gameserver.idfactory.BitSetIDFactory	Updated characters online status.
2025.03.21 19:31:53,563	INFO	1	org.l2jdevs.gameserver.idfactory.BitSetIDFactory	Cleaned 0 elements from database in 0 s
2025.03.21 19:31:53,574	INFO	1	org.l2jdevs.gameserver.idfactory.BitSetIDFactory	Cleaned 0 expired timestamps from database.
2025.03.21 19:31:53,613	INFO	1	org.l2jdevs.gameserver.idfactory.BitSetIDFactory	BitSetIDFactory: 102912 id's available.
2025.03.21 19:31:53,623	INFO	1	org.l2jdevs.gameserver.GameServer	---------------------------------------------------=[ World ]
2025.03.21 19:31:53,628	INFO	1	org.l2jdevs.util.data.xml.IXmlReader	InstanceManager: Multiverse Instance created.
2025.03.21 19:31:53,629	INFO	1	org.l2jdevs.util.data.xml.IXmlReader	InstanceManager: Universe Instance created.
2025.03.21 19:31:53,716	INFO	1	org.l2jdevs.util.data.xml.IXmlReader	InstanceManager: Loaded 160 instance names.
2025.03.21 19:31:53,743	INFO	1	org.l2jdevs.gameserver.model.L2World	L2World: (128 by 136) World Region Grid set up.
2025.03.21 19:31:54,122	INFO	1	org.l2jdevs.util.data.xml.IXmlReader	MapRegionManager: Loaded 57 map regions.
2025.03.21 19:31:54,141	INFO	1	org.l2jdevs.gameserver.instancemanager.GlobalVariablesManager	GlobalVariablesManager: Loaded 6 variables.
2025.03.21 19:31:54,141	INFO	1	org.l2jdevs.gameserver.GameServer	----------------------------------------------------=[ Data ]
2025.03.21 19:31:54,205	INFO	1	org.l2jdevs.util.data.xml.IXmlReader	CategoryData: Loaded 124 Categories.
2025.03.21 19:31:54,214	INFO	1	org.l2jdevs.util.data.xml.IXmlReader	SecondaryAuthData: Loaded 328 forbidden passwords.
2025.03.21 19:31:54,216	INFO	1	org.l2jdevs.gameserver.GameServer	-------------------------------------------------=[ Effects ]
2025.03.21 19:31:57,821	INFO	1	handlers.EffectMasterHandler	EffectMasterHandler: Loaded 161 effect handlers.
2025.03.21 19:31:57,822	INFO	1	org.l2jdevs.gameserver.GameServer	------------------------------------=[ Enchant Skill Groups ]
2025.03.21 19:31:57,850	INFO	1	org.l2jdevs.util.data.xml.IXmlReader	EnchantSkillGroupsData: Loaded 4 groups and 90 routes.
2025.03.21 19:31:57,851	INFO	1	org.l2jdevs.gameserver.GameServer	---------------------------------------------=[ Skill Trees ]
2025.03.21 19:31:58,396	INFO	1	org.l2jdevs.util.data.xml.IXmlReader	Loaded 17176 Class Skills for 103 Class Skill Trees.
2025.03.21 19:31:58,396	INFO	1	org.l2jdevs.util.data.xml.IXmlReader	Loaded 76 Sub-Class Skills.
2025.03.21 19:31:58,398	INFO	1	org.l2jdevs.util.data.xml.IXmlReader	Loaded 77 Transfer Skills for 3 Transfer Skill Trees.
2025.03.21 19:31:58,400	INFO	1	org.l2jdevs.util.data.xml.IXmlReader	Loaded 117 Fishing Skills, 8 Dwarven only Fishing Skills.
2025.03.21 19:31:58,402	INFO	1	org.l2jdevs.util.data.xml.IXmlReader	Loaded 3 Collect Skills.
2025.03.21 19:31:58,403	INFO	1	org.l2jdevs.util.data.xml.IXmlReader	Loaded 74 Pledge Skills, 44 for Pledge and 30 Residential.
2025.03.21 19:31:58,404	INFO	1	org.l2jdevs.util.data.xml.IXmlReader	Loaded 18 Sub-Pledge Skills.
2025.03.21 19:31:58,404	INFO	1	org.l2jdevs.util.data.xml.IXmlReader	Loaded 32 Transform Skills.
2025.03.21 19:31:58,405	INFO	1	org.l2jdevs.util.data.xml.IXmlReader	Loaded 8 Noble Skills.
2025.03.21 19:31:58,406	INFO	1	org.l2jdevs.util.data.xml.IXmlReader	Loaded 5 Hero Skills.
2025.03.21 19:31:58,407	INFO	1	org.l2jdevs.util.data.xml.IXmlReader	Loaded 46 Game Master Skills.
2025.03.21 19:31:58,409	INFO	1	org.l2jdevs.util.data.xml.IXmlReader	Loaded 46 Game Master Aura Skills.
2025.03.21 19:31:58,410	INFO	1	org.l2jdevs.gameserver.GameServer	--------------------------------------------------=[ Skills ]
2025.03.21 19:32:02,103	INFO	1	org.l2jdevs.gameserver.engines.DocumentEngine	DocumentEngine: Loaded 65963 Skill templates from XML files.
2025.03.21 19:32:02,152	INFO	1	org.l2jdevs.gameserver.data.sql.impl.SummonSkillsTable	SummonSkillsTable: Loaded 1891 skills.
2025.03.21 19:32:02,152	INFO	1	org.l2jdevs.gameserver.GameServer	---------------------------------------------------=[ Items ]
2025.03.21 19:32:03,320	INFO	1	org.l2jdevs.gameserver.datatables.ItemTable	ItemTable: Highest item id used:666005
2025.03.21 19:32:03,328	INFO	1	org.l2jdevs.gameserver.datatables.ItemTable	ItemTable: Loaded: 11481 Etc Items
2025.03.21 19:32:03,329	INFO	1	org.l2jdevs.gameserver.datatables.ItemTable	ItemTable: Loaded: 3862 Armor Items
2025.03.21 19:32:03,330	INFO	1	org.l2jdevs.gameserver.datatables.ItemTable	ItemTable: Loaded: 3898 Weapon Items
2025.03.21 19:32:03,331	INFO	1	org.l2jdevs.gameserver.datatables.ItemTable	ItemTable: Loaded: 19241 Items in total.
2025.03.21 19:32:03,340	INFO	1	org.l2jdevs.util.data.xml.IXmlReader	EnchantItemGroupsData: Loaded: 4 item group templates.
2025.03.21 19:32:03,341	INFO	1	org.l2jdevs.util.data.xml.IXmlReader	EnchantItemGroupsData: Loaded: 1 scroll group templates.
2025.03.21 19:32:03,356	INFO	1	org.l2jdevs.util.data.xml.IXmlReader	EnchantItemData: Loaded 63 Enchant Scrolls.
2025.03.21 19:32:03,357	INFO	1	org.l2jdevs.util.data.xml.IXmlReader	EnchantItemData: Loaded 20 Support Items.
2025.03.21 19:32:03,378	INFO	1	org.l2jdevs.util.data.xml.IXmlReader	EnchantItemOptionsData: Loaded: 23 Items and 1093 Options.
2025.03.21 19:32:04,208	INFO	1	org.l2jdevs.util.data.xml.IXmlReader	OptionData: Loaded: 24985 Options.
2025.03.21 19:32:04,215	INFO	1	org.l2jdevs.util.data.xml.IXmlReader	EnchantItemHPBonusData: Loaded 6 Enchant HP Bonuses.
2025.03.21 19:32:04,222	INFO	1	org.l2jdevs.gameserver.datatables.MerchantPriceConfigTable	MerchantPriceConfigTable: Loaded 28 merchant price configs.
2025.03.21 19:32:05,272	WARNING	1	org.l2jdevs.util.data.xml.IXmlReader	BuyListData: Folder Z:\L2 Another Server\game\data\buylists\custom doesn't exist!
2025.03.21 19:32:05,272	INFO	1	org.l2jdevs.util.data.xml.IXmlReader	BuyListData: Loaded 760 BuyLists.
2025.03.21 19:32:05,637	WARNING	1	org.l2jdevs.util.data.xml.IXmlReader	MultisellData: Folder Z:\L2 Another Server\game\data\multisell\custom doesn't exist!
2025.03.21 19:32:05,650	INFO	1	org.l2jdevs.util.data.xml.IXmlReader	MultisellData: Loaded 194 multisell lists.
2025.03.21 19:32:05,700	INFO	1	org.l2jdevs.util.data.xml.IXmlReader	RecipeData: Loaded 1000 recipes.
2025.03.21 19:32:05,739	INFO	1	org.l2jdevs.util.data.xml.IXmlReader	ArmorSetsData: Loaded 201 Armor sets.
2025.03.21 19:32:05,746	INFO	1	org.l2jdevs.util.data.xml.IXmlReader	FishData: Loaded 278 Fish.
2025.03.21 19:32:05,749	INFO	1	org.l2jdevs.util.data.xml.IXmlReader	FishingMonstersData: Loaded 8 Fishing Monsters.
2025.03.21 19:32:05,752	INFO	1	org.l2jdevs.util.data.xml.IXmlReader	FishingRodsData: Loaded 6 Fishing Rods.
2025.03.21 19:32:05,776	INFO	1	org.l2jdevs.util.data.xml.IXmlReader	HennaData: Loaded 180 Henna data.
2025.03.21 19:32:05,777	INFO	1	org.l2jdevs.gameserver.GameServer	----------------------------------------------=[ Characters ]
2025.03.21 19:32:05,781	INFO	1	org.l2jdevs.util.data.xml.IXmlReader	ClassListData: Loaded 107 Class data.
2025.03.21 19:32:05,786	INFO	1	org.l2jdevs.util.data.xml.IXmlReader	InitialEquipmentData: Loaded 11 Initial Equipment data.
2025.03.21 19:32:05,790	INFO	1	org.l2jdevs.util.data.xml.IXmlReader	InitialShortcutData: Loaded 5 Initial Global Shortcuts data.
2025.03.21 19:32:05,791	INFO	1	org.l2jdevs.util.data.xml.IXmlReader	InitialShortcutData: Loaded 4 Initial Shortcuts data.
2025.03.21 19:32:05,791	INFO	1	org.l2jdevs.util.data.xml.IXmlReader	InitialShortcutData: Loaded 0 Macros presets.
2025.03.21 19:32:05,821	INFO	1	org.l2jdevs.util.data.xml.IXmlReader	KarmaData: Loaded 85 karma modifiers.
2025.03.21 19:32:05,823	INFO	1	org.l2jdevs.util.data.xml.IXmlReader	HitConditionBonusData: Loaded Hit Condition bonuses.
2025.03.21 19:32:06,114	INFO	1	org.l2jdevs.util.data.xml.IXmlReader	PlayerTemplateData: Loaded 103 character templates.
2025.03.21 19:32:06,114	INFO	1	org.l2jdevs.util.data.xml.IXmlReader	PlayerTemplateData: Loaded 52530 level up gain records.
2025.03.21 19:32:06,120	INFO	1	org.l2jdevs.util.data.xml.IXmlReader	PlayerCreationPointData: Loaded 62 character creation points.
2025.03.21 19:32:06,123	INFO	1	org.l2jdevs.gameserver.data.sql.impl.CharNameTable	CharNameTable: Loaded 1 char names.
2025.03.21 19:32:06,126	INFO	1	org.l2jdevs.util.data.xml.IXmlReader	AdminData: Loaded: 10 Access Levels.
2025.03.21 19:32:06,129	INFO	1	org.l2jdevs.util.data.xml.IXmlReader	AdminData: Loaded: 444 Access Commands.
2025.03.21 19:32:06,131	INFO	1	org.l2jdevs.gameserver.instancemanager.RaidBossPointsManager	RaidBossPointsManager: Loaded 0 Character Raid Points.
2025.03.21 19:32:06,478	INFO	1	org.l2jdevs.util.data.xml.IXmlReader	PetDataTable: Loaded 52 Pets.
2025.03.21 19:32:06,485	INFO	1	org.l2jdevs.gameserver.GameServer	-----------------------------------------------=[ Languages ]
2025.03.21 19:32:06,491	INFO	1	org.l2jdevs.gameserver.datatables.LanguageData	Loaded language file: EN with 204 messages.
2025.03.21 19:32:06,493	INFO	1	org.l2jdevs.gameserver.datatables.LanguageData	Loaded language file: ES with 204 messages.
2025.03.21 19:32:06,496	INFO	1	org.l2jdevs.gameserver.datatables.LanguageData	Loaded language file: RU with 204 messages.
2025.03.21 19:32:06,497	INFO	1	org.l2jdevs.gameserver.datatables.LanguageData	LanguageData: Loaded 3 languages.
2025.03.21 19:32:06,497	INFO	1	org.l2jdevs.gameserver.GameServer	---------------------------------------------------=[ Clans ]
2025.03.21 19:32:06,512	INFO	1	org.l2jdevs.gameserver.communitybbs.Manager.ForumsBBSManager	Loaded 4 forums. Last forum id used: 4
2025.03.21 19:32:06,513	INFO	1	org.l2jdevs.gameserver.data.sql.impl.ClanTable	ClanTable: Restored 0 clans from the database.
2025.03.21 19:32:06,524	INFO	1	org.l2jdevs.gameserver.instancemanager.CHSiegeManager	CHSiegeManager: Loaded 6 conquerable clan halls.
2025.03.21 19:32:06,582	INFO	1	org.l2jdevs.gameserver.instancemanager.AuctionManager	AuctionManager: Loaded: 38 auction(s)
2025.03.21 19:32:06,584	INFO	1	org.l2jdevs.gameserver.instancemanager.ClanHallManager	ClanHallManager: Loaded: 0 clan halls
2025.03.21 19:32:06,588	INFO	1	org.l2jdevs.gameserver.instancemanager.ClanHallManager	ClanHallManager: Loaded: 38 free clan halls
2025.03.21 19:32:06,588	INFO	1	org.l2jdevs.gameserver.GameServer	-------------------------------------------------=[ Geodata ]
2025.03.21 19:32:06,649	INFO	1	org.l2jdevs.gameserver.GeoData	GeoData: Loaded 0 regions.
2025.03.21 19:32:06,649	INFO	1	org.l2jdevs.gameserver.GameServer	----------------------------------------------------=[ NPCs ]
2025.03.21 19:32:06,659	INFO	1	org.l2jdevs.util.data.xml.IXmlReader	SkillLearnData: Loaded 256 Skill Learn data.
2025.03.21 19:32:06,671	INFO	1	org.l2jdevs.util.data.xml.IXmlReader	MinionData: Loaded 128 minions data.
2025.03.21 19:32:08,915	INFO	1	org.l2jdevs.util.data.xml.IXmlReader	NpcData: Loaded 10461 NPCs.
2025.03.21 19:32:08,920	INFO	1	org.l2jdevs.util.data.xml.IXmlReader	NpcData: Loaded 11 custom NPCs.
2025.03.21 19:32:09,065	INFO	1	org.l2jdevs.util.data.xml.IXmlReader	WalkingManager: Loaded 123 walking routes.
2025.03.21 19:32:09,083	INFO	1	org.l2jdevs.util.data.xml.IXmlReader	StaticObjectData: Loaded 51 static object templates.
2025.03.21 19:32:09,270	INFO	1	org.l2jdevs.gameserver.instancemanager.GrandBossManager	GrandBossManager: Queen Ant(29001) status is 0.
2025.03.21 19:32:09,272	INFO	1	org.l2jdevs.gameserver.instancemanager.GrandBossManager	GrandBossManager: Core(29006) status is 0.
2025.03.21 19:32:09,274	INFO	1	org.l2jdevs.gameserver.instancemanager.GrandBossManager	GrandBossManager: Orfen(29014) status is 0.
2025.03.21 19:32:09,276	INFO	1	org.l2jdevs.gameserver.instancemanager.GrandBossManager	GrandBossManager: Baium(29020) status is 0.
2025.03.21 19:32:09,277	INFO	1	org.l2jdevs.gameserver.instancemanager.GrandBossManager	GrandBossManager: Valakas(29028) status is 0.
2025.03.21 19:32:09,278	INFO	1	org.l2jdevs.gameserver.instancemanager.GrandBossManager	GrandBossManager: Antharas(29068) status is 0.
2025.03.21 19:32:09,279	INFO	1	org.l2jdevs.gameserver.instancemanager.GrandBossManager	GrandBossManager: Beleth(29118) status is 0.
2025.03.21 19:32:09,279	INFO	1	org.l2jdevs.gameserver.instancemanager.GrandBossManager	GrandBossManager: Loaded 7 Instances
2025.03.21 19:32:10,007	INFO	1	org.l2jdevs.util.data.xml.IXmlReader	DoorData: Loaded 1301 Door templates for 22 regions.
2025.03.21 19:32:11,461	INFO	1	org.l2jdevs.util.data.xml.IXmlReader	ZoneManager: Loaded 28 zone classes and 2795 zones.
2025.03.21 19:32:11,461	INFO	1	org.l2jdevs.util.data.xml.IXmlReader	ZoneManager: Loaded 0 NPC spawn territoriers.
2025.03.21 19:32:11,477	INFO	1	org.l2jdevs.gameserver.instancemanager.CastleManager	CastleManager: Loaded: 9 castles
2025.03.21 19:32:11,483	INFO	1	org.l2jdevs.gameserver.data.sql.impl.NpcBufferTable	NpcBufferTable: Loaded 2 buffers and 64 skills.
2025.03.21 19:32:11,487	INFO	1	org.l2jdevs.gameserver.instancemanager.GrandBossManager	GrandBossManager: Initialized 12 Grand Boss Zones
2025.03.21 19:32:11,488	INFO	1	org.l2jdevs.gameserver.GameServer	-----------------------------------------=[ Auction Manager ]
2025.03.21 19:32:11,522	INFO	1	org.l2jdevs.gameserver.model.itemauction.ItemAuctionInstance	Loaded 82 item(s) and registered 2 auction(s) for NPC ID 32320.
2025.03.21 19:32:11,525	INFO	1	org.l2jdevs.gameserver.model.itemauction.ItemAuctionInstance	Schedule current auction ID 1 for NPC ID 32320.
2025.03.21 19:32:11,529	INFO	1	org.l2jdevs.gameserver.model.itemauction.ItemAuctionInstance	Loaded 82 item(s) and registered 2 auction(s) for NPC ID 32321.
2025.03.21 19:32:11,529	INFO	1	org.l2jdevs.gameserver.model.itemauction.ItemAuctionInstance	Schedule next auction ID 4 on 17:00:00 24.03.25 for NPC ID 32321.
2025.03.21 19:32:11,532	INFO	1	org.l2jdevs.gameserver.model.itemauction.ItemAuctionInstance	Loaded 82 item(s) and registered 2 auction(s) for NPC ID 32322.
2025.03.21 19:32:11,533	INFO	1	org.l2jdevs.gameserver.model.itemauction.ItemAuctionInstance	Schedule next auction ID 5 on 17:00:00 26.03.25 for NPC ID 32322.
2025.03.21 19:32:11,533	INFO	1	org.l2jdevs.gameserver.instancemanager.ItemAuctionManager	Loaded 3 auction manager instance(s).
2025.03.21 19:32:11,534	INFO	1	org.l2jdevs.gameserver.GameServer	------------------------------------------------=[ Olympiad ]
2025.03.21 19:32:11,542	INFO	1	org.l2jdevs.gameserver.model.olympiad.Olympiad	Olympiad System: Loading Olympiad System....
2025.03.21 19:32:11,542	INFO	1	org.l2jdevs.gameserver.model.olympiad.Olympiad	Olympiad System: Currently in Olympiad Period
2025.03.21 19:32:11,544	INFO	1	org.l2jdevs.gameserver.model.olympiad.Olympiad	Olympiad System: 15387 minutes until period ends
2025.03.21 19:32:11,545	INFO	1	org.l2jdevs.gameserver.model.olympiad.Olympiad	Olympiad System: Next weekly change is in 1556 minutes
2025.03.21 19:32:11,546	INFO	1	org.l2jdevs.gameserver.model.olympiad.Olympiad	Olympiad System: Loaded 0 Nobles
2025.03.21 19:32:11,548	INFO	1	org.l2jdevs.gameserver.model.olympiad.Olympiad	Olympiad System: Competition Period Starts in 0 days, 0 hours and 0 mins.
2025.03.21 19:32:11,556	INFO	1	org.l2jdevs.gameserver.model.olympiad.Olympiad	Olympiad System: Event starts/started : Fri Mar 21 18:00:11 CLST 2025
2025.03.21 19:32:11,560	INFO	1	org.l2jdevs.gameserver.model.entity.Hero	Hero System: Loaded 0 Heroes.
2025.03.21 19:32:11,561	INFO	1	org.l2jdevs.gameserver.model.entity.Hero	Hero System: Loaded 0 all time Heroes.
2025.03.21 19:32:11,561	INFO	1	org.l2jdevs.gameserver.GameServer	---------------------------------------------=[ Seven Signs ]
2025.03.21 19:32:11,572	INFO	1	org.l2jdevs.gameserver.SevenSigns	SevenSigns: Currently in the Seal Validation period.
2025.03.21 19:32:11,573	INFO	1	org.l2jdevs.gameserver.SevenSigns	SevenSigns: The Seal of Avarice remains unclaimed.
2025.03.21 19:32:11,574	INFO	1	org.l2jdevs.gameserver.SevenSigns	SevenSigns: The Seal of Gnosis remains unclaimed.
2025.03.21 19:32:11,575	INFO	1	org.l2jdevs.gameserver.SevenSigns	SevenSigns: The Seal of Strife remains unclaimed.
2025.03.21 19:32:11,576	INFO	1	org.l2jdevs.gameserver.SevenSigns	SevenSigns: The competition ended with a tie last week.
2025.03.21 19:32:11,577	INFO	1	org.l2jdevs.gameserver.SevenSigns	SevenSigns: Next period change set to Mon Mar 24 18:00:11 CLST 2025.
2025.03.21 19:32:11,578	INFO	1	org.l2jdevs.gameserver.SevenSigns	SevenSigns: Next period begins in 2 days, 22 hours and 27 mins.
2025.03.21 19:32:11,579	INFO	1	org.l2jdevs.gameserver.GameServer	---------------------------------------------------=[ Cache ]
2025.03.21 19:32:11,580	INFO	1	org.l2jdevs.gameserver.cache.HtmCache	Cache[HTML]: Running lazy cache
2025.03.21 19:32:11,589	INFO	1	org.l2jdevs.gameserver.data.sql.impl.CrestTable	CrestTable: Loaded 0 Crests.
2025.03.21 19:32:11,599	INFO	1	org.l2jdevs.gameserver.data.sql.impl.TeleportLocationTable	TeleportLocationTable: Loaded 1139 Teleport Location Templates.
2025.03.21 19:32:11,604	INFO	1	org.l2jdevs.gameserver.data.sql.impl.TeleportLocationTable	TeleportLocationTable: Loaded 149 Custom Teleport Location Templates.
2025.03.21 19:32:11,611	INFO	1	org.l2jdevs.util.data.xml.IXmlReader	UIData: Loaded 4 keys 5 categories.
2025.03.21 19:32:11,648	INFO	42	org.l2jdevs.gameserver.model.olympiad.Olympiad	Olympiad System: Olympiad Game Started
2025.03.21 19:32:11,661	INFO	42	org.l2jdevs.gameserver.model.olympiad.OlympiadGameManager	Olympiad System: Loaded 160 stadiums.
2025.03.21 19:32:11,701	INFO	1	org.l2jdevs.gameserver.datatables.AugmentationData	AugmentationData: Loaded: 33960 augmentations.
2025.03.21 19:32:11,703	INFO	1	org.l2jdevs.gameserver.datatables.AugmentationData	AugmentationData: Loaded: 2754 accessory augmentations.
2025.03.21 19:32:11,716	INFO	1	org.l2jdevs.gameserver.instancemanager.CursedWeaponsManager	CursedWeaponsManager: Loaded : 2 cursed weapon(s).
2025.03.21 19:32:12,254	INFO	1	org.l2jdevs.util.data.xml.IXmlReader	TransformData: Loaded: 111 transform templates.
2025.03.21 19:32:12,272	INFO	1	org.l2jdevs.gameserver.datatables.BotReportTable	BotReportTable: Loaded 0 bot reports
2025.03.21 19:32:12,273	INFO	1	org.l2jdevs.gameserver.GameServer	-------------------------------------------------=[ Scripts ]
2025.03.21 19:32:12,284	INFO	1	org.l2jdevs.gameserver.instancemanager.AirShipManager	AirShipManager: Loaded 0 private airships
2025.03.21 19:32:24,792	INFO	1	org.l2jdevs.gameserver.model.entity.clanhall.ClanHallSiegeEngine	Beast Farm siege scheduled for Sat Mar 29 12:00:00 CLST 2025.
2025.03.21 19:32:24,809	INFO	1	org.l2jdevs.gameserver.model.entity.clanhall.ClanHallSiegeEngine	Bandit StrongHold siege scheduled for Sat Mar 29 12:00:00 CLST 2025.
2025.03.21 19:32:24,836	INFO	1	quests.TerritoryWarScripts.TerritoryWarSuperClass	TerritoryWarSuperClass: Siege date: Sun Mar 23 22:00:00 CLST 2025
2025.03.21 19:32:24,855	INFO	1	handlers.EffectMasterHandler	EffectMasterHandler: Loaded 161 effect handlers.
2025.03.21 19:32:24,885	INFO	1	org.l2jdevs.gameserver.model.events.AbstractScript	Fantasy Isle: Parade starting at 2025/03/21 21:20 and is scheduled each next 1 hours.
2025.03.21 19:32:24,886	INFO	1	org.l2jdevs.gameserver.model.entity.clanhall.ClanHallSiegeEngine	Fortress of Resistance siege scheduled for Sat Mar 29 12:00:00 CLST 2025.
2025.03.21 19:32:24,897	INFO	1	hellbound.HellboundLoader	HellboundLoader: Loading Hellbound related scripts:
2025.03.21 19:32:24,899	INFO	1	org.l2jdevs.util.data.xml.IXmlReader	HellboundPointData: Loaded 47 trust point reward data.
2025.03.21 19:32:24,916	INFO	1	org.l2jdevs.util.data.xml.IXmlReader	HellboundSpawns: Loaded 598 Hellbound spawns.
2025.03.21 19:32:24,919	INFO	1	org.l2jdevs.gameserver.model.events.AbstractScript	HellboundEngine: Level: 0
2025.03.21 19:32:24,921	INFO	1	org.l2jdevs.gameserver.model.events.AbstractScript	HellboundEngine: Trust: 0
2025.03.21 19:32:24,921	INFO	1	org.l2jdevs.gameserver.model.events.AbstractScript	HellboundEngine: Status: locked.
2025.03.21 19:32:24,990	INFO	1	org.l2jdevs.gameserver.instancemanager.RaidBossSpawnManager	RaidBossSpawnManager: Loaded 187 Instances
2025.03.21 19:32:24,991	INFO	1	org.l2jdevs.gameserver.instancemanager.RaidBossSpawnManager	RaidBossSpawnManager: Scheduled 0 Instances
2025.03.21 19:32:25,134	INFO	1	org.l2jdevs.gameserver.model.events.AbstractScript	[EnhanceYourWeapon] Loaded 54 Soul Crystal data.
2025.03.21 19:32:25,135	INFO	1	org.l2jdevs.gameserver.model.events.AbstractScript	[EnhanceYourWeapon] Loaded 240 npc Leveling info data.
2025.03.21 19:32:25,193	INFO	1	gracia.GraciaLoader	GraciaLoader: Loading Gracia related scripts.
2025.03.21 19:32:25,256	INFO	1	-	-----------------------------------=[ [L2JDevs] Mods Engine ]
2025.03.21 19:32:25,256	INFO	1	ModsManager	Starting the Mod Engine.
2025.03.21 19:32:25,257	INFO	1	ModsManager	Creating structure.
2025.03.21 19:32:25,264	INFO	1	ModSqlTable	Database successfully loaded!
2025.03.21 19:32:25,267	INFO	1	GrandFatherMod	Admin engine commands loaded!
2025.03.21 19:32:25,276	INFO	1	ModsLoader	-> The mod TemplateMod is disabled.
2025.03.21 19:32:25,277	INFO	1	GrandFatherMod	Grand Father Mod working!
2025.03.21 19:32:25,278	INFO	1	ModsManager	Mods Engine successfully loaded!
2025.03.21 19:32:25,280	INFO	1	-	-----------------------------------=[ [L2JDevs] Mods Engine ]
2025.03.21 19:32:25,286	INFO	1	org.l2jdevs.gameserver.model.entity.clanhall.ClanHallSiegeEngine	Rainbow Springs siege scheduled for Sat Mar 29 12:00:00 CLST 2025.
2025.03.21 19:32:25,321	INFO	1	handlers.MasterHandler	Loading Handlers...
2025.03.21 19:32:25,322	INFO	1	handlers.MasterHandler	VoicedCommandHandler: Loaded 5 handlers.
2025.03.21 19:32:25,323	INFO	1	handlers.MasterHandler	ActionHandler: Loaded 10 handlers.
2025.03.21 19:32:25,325	INFO	1	handlers.MasterHandler	ActionShiftHandler: Loaded 6 handlers.
2025.03.21 19:32:25,335	INFO	1	handlers.MasterHandler	AdminCommandHandler: Loaded 454 handlers.
2025.03.21 19:32:25,341	INFO	1	handlers.MasterHandler	BypassHandler: Loaded 48 handlers.
2025.03.21 19:32:25,343	INFO	1	handlers.MasterHandler	ChatHandler: Loaded 14 handlers.
2025.03.21 19:32:25,344	INFO	1	handlers.MasterHandler	CommunityBoardHandler: Loaded 15 handlers.
2025.03.21 19:32:25,347	INFO	1	handlers.MasterHandler	ItemHandler: Loaded 31 handlers.
2025.03.21 19:32:25,349	INFO	1	handlers.MasterHandler	PunishmentHandler: Loaded 3 handlers.
2025.03.21 19:32:25,350	INFO	1	handlers.MasterHandler	UserCommandHandler: Loaded 17 handlers.
2025.03.21 19:32:25,353	INFO	1	handlers.MasterHandler	TargetHandler: Loaded 37 handlers.
2025.03.21 19:32:25,355	INFO	1	handlers.MasterHandler	TelnetHandler: Loaded 20 handlers.
2025.03.21 19:32:25,356	INFO	1	handlers.MasterHandler	Handlers Loaded...
2025.03.21 19:32:25,361	INFO	1	org.l2jdevs.gameserver.model.entity.clanhall.ClanHallSiegeEngine	Fortresss of the Dead siege scheduled for Sat Mar 29 12:00:00 CLST 2025.
2025.03.21 19:32:25,365	INFO	1	org.l2jdevs.gameserver.model.entity.clanhall.ClanHallSiegeEngine	Devastated Castle siege scheduled for Sat Mar 29 12:00:00 CLST 2025.
2025.03.21 19:32:25,384	INFO	1	org.l2jdevs.gameserver.model.events.AbstractScript	Handy's Block Checker Event is enabled
2025.03.21 19:32:25,392	INFO	1	instances.InstanceLoader	InstanceLoader: Loading Instances scripts.
2025.03.21 19:32:25,421	INFO	1	org.l2jdevs.util.data.xml.IXmlReader	NpcBuffersData: Loaded: 33 buffers data.
2025.03.21 19:32:26,716	INFO	1	org.l2jdevs.util.data.xml.IXmlReader	SpawnTable: Loaded 3765 npc spawns.
2025.03.21 19:32:26,723	INFO	1	org.l2jdevs.util.data.xml.IXmlReader	SpawnTable: Loaded 1 custom npc spawns.
2025.03.21 19:32:26,781	INFO	1	org.l2jdevs.util.data.xml.IXmlReader	SpawnTable: Loaded 1190 npc spawns from XML.
2025.03.21 19:32:26,784	INFO	1	org.l2jdevs.gameserver.instancemanager.DayNightSpawnManager	DayNightSpawnManager: Removed 0 night creatures
2025.03.21 19:32:26,789	INFO	1	org.l2jdevs.gameserver.instancemanager.DayNightSpawnManager	DayNightSpawnManager: Spawned 232 day creatures
2025.03.21 19:32:26,794	INFO	1	org.l2jdevs.gameserver.instancemanager.FourSepulchersManager	FourSepulchersManager: loaded 20 Mysterious-Box spawns.
2025.03.21 19:32:26,822	INFO	1	org.l2jdevs.gameserver.instancemanager.FourSepulchersManager	FourSepulchersManager: loaded 716 Physical type monsters spawns.
2025.03.21 19:32:26,839	INFO	1	org.l2jdevs.gameserver.instancemanager.FourSepulchersManager	FourSepulchersManager: loaded 716 Magical type monsters spawns.
2025.03.21 19:32:26,844	INFO	1	org.l2jdevs.gameserver.instancemanager.FourSepulchersManager	FourSepulchersManager: loaded 92 Church of duke monsters spawns.
2025.03.21 19:32:26,849	INFO	1	org.l2jdevs.gameserver.instancemanager.FourSepulchersManager	FourSepulchersManager: loaded 68 Emperor's grave NPC spawns.
2025.03.21 19:32:26,849	INFO	1	org.l2jdevs.gameserver.instancemanager.FourSepulchersManager	FourSepulchersManager: spawned Conquerors' Sepulcher Manager
2025.03.21 19:32:26,850	INFO	1	org.l2jdevs.gameserver.instancemanager.FourSepulchersManager	FourSepulchersManager: spawned Emperors' Sepulcher Manager
2025.03.21 19:32:26,853	INFO	1	org.l2jdevs.gameserver.instancemanager.FourSepulchersManager	FourSepulchersManager: spawned Great Sages' Sepulcher Manager
2025.03.21 19:32:26,854	INFO	1	org.l2jdevs.gameserver.instancemanager.FourSepulchersManager	FourSepulchersManager: spawned Judges' Sepulcher Manager
2025.03.21 19:32:26,857	INFO	1	org.l2jdevs.gameserver.instancemanager.FourSepulchersManager	FourSepulchersManager: Beginning in Attack time
2025.03.21 19:32:26,861	INFO	1	org.l2jdevs.gameserver.instancemanager.DimensionalRiftManager	DimensionalRiftManager: Loaded 7 room types with 56 rooms.
2025.03.21 19:32:26,864	INFO	1	org.l2jdevs.gameserver.instancemanager.DimensionalRiftManager	DimensionalRiftManager: Loaded 462 dimensional rift spawns, 0 errors.
2025.03.21 19:32:26,864	INFO	1	org.l2jdevs.gameserver.GameServer	---------------------------------------------------=[ Siege ]
2025.03.21 19:32:26,874	INFO	1	org.l2jdevs.gameserver.model.entity.Siege	Siege of Gludio: Sun Mar 23 16:00:00 CLST 2025
2025.03.21 19:32:26,875	INFO	1	org.l2jdevs.gameserver.model.entity.Siege	Siege of Dion: Sun Mar 23 16:00:00 CLST 2025
2025.03.21 19:32:26,876	INFO	1	org.l2jdevs.gameserver.model.entity.Siege	Siege of Giran: Sun Mar 23 16:00:00 CLST 2025
2025.03.21 19:32:26,877	INFO	1	org.l2jdevs.gameserver.model.entity.Siege	Siege of Oren: Sun Mar 23 16:00:00 CLST 2025
2025.03.21 19:32:26,878	INFO	1	org.l2jdevs.gameserver.model.entity.Siege	Siege of Aden: Sun Mar 23 16:00:00 CLST 2025
2025.03.21 19:32:26,880	INFO	1	org.l2jdevs.gameserver.model.entity.Siege	Siege of Innadril: Sun Mar 23 20:00:00 CLST 2025
2025.03.21 19:32:26,881	INFO	1	org.l2jdevs.gameserver.model.entity.Siege	Siege of Goddard: Sun Mar 23 20:00:00 CLST 2025
2025.03.21 19:32:26,883	INFO	1	org.l2jdevs.gameserver.model.entity.Siege	Siege of Rune: Sun Mar 23 20:00:00 CLST 2025
2025.03.21 19:32:26,884	INFO	1	org.l2jdevs.gameserver.model.entity.Siege	Siege of Schuttgart: Sun Mar 23 20:00:00 CLST 2025
2025.03.21 19:32:26,983	INFO	1	org.l2jdevs.gameserver.instancemanager.FortManager	FortManager: Loaded: 21 fortress
2025.03.21 19:32:27,055	INFO	1	org.l2jdevs.util.data.xml.IXmlReader	SiegeScheduleData: Loaded: 2 siege schedulers.
2025.03.21 19:32:27,063	INFO	1	org.l2jdevs.util.data.xml.IXmlReader	CastleManorManager: Loaded 258 seeds.
2025.03.21 19:32:27,069	INFO	1	org.l2jdevs.util.data.xml.IXmlReader	CastleManorManager: Manor data loaded.
2025.03.21 19:32:27,071	INFO	1	org.l2jdevs.gameserver.instancemanager.MercTicketManager	MercTicketManager: Loaded: 0 Mercenary Tickets
2025.03.21 19:32:27,072	INFO	1	org.l2jdevs.gameserver.instancemanager.QuestManager	QuestManager: Loaded: 522 quests.
2025.03.21 19:32:27,072	INFO	1	org.l2jdevs.gameserver.instancemanager.QuestManager	QuestManager: Loaded: 277 scripts.
2025.03.21 19:32:27,117	INFO	1	org.l2jdevs.gameserver.SevenSignsFestival	SevenSignsFestival: Initialization bypassed due to Seal Validation in effect.
2025.03.21 19:32:27,124	INFO	1	org.l2jdevs.gameserver.script.faenor.FaenorEventParser	Event ID: (Valentines Event) has passed... Ignored.
2025.03.21 19:32:27,124	INFO	1	org.l2jdevs.gameserver.script.faenor.FaenorScriptEngine	FaenorScriptEngine: Loaded  Valentines.xml successfully.
2025.03.21 19:32:27,125	INFO	1	org.l2jdevs.gameserver.GameServer	AutoSpawnHandler: Loaded 129 handlers in total.
2025.03.21 19:32:27,135	INFO	1	org.l2jdevs.gameserver.taskmanager.TaskManager	TaskManager: Loaded: 13 Tasks
2025.03.21 19:32:27,138	INFO	1	org.l2jdevs.gameserver.instancemanager.MailManager	MailManager: Successfully loaded 0 messages.
2025.03.21 19:32:27,140	INFO	1	org.l2jdevs.gameserver.instancemanager.PunishmentManager	PunishmentManager: Loaded 0 active and 0 expired punishments.
2025.03.21 19:32:27,141	INFO	1	org.l2jdevs.gameserver.GameServer	IdFactory: Free ObjectID's remaining: 1879002759
2025.03.21 19:32:27,142	INFO	1	org.l2jdevs.gameserver.model.entity.TvTManager	TvTEventEngine[TvTManager.TvTManager()]: Engine is disabled.
2025.03.21 19:32:27,143	INFO	1	org.l2jdevs.gameserver.data.sql.impl.OfflineTradersTable	OfflineTradersTable: Loading offline traders...
2025.03.21 19:32:27,144	INFO	1	org.l2jdevs.gameserver.data.sql.impl.OfflineTradersTable	OfflineTradersTable: Loaded: 0 offline trader(s)
2025.03.21 19:32:27,447	INFO	1	org.l2jdevs.gameserver.GameServer	GameServer: Started, free memory 1585 Mb of 2048 Mb
2025.03.21 19:32:27,512	INFO	89	org.l2jdevs.gameserver.LoginServerThread	Connecting to login on 127.0.0.1:9014
2025.03.21 19:32:27,577	INFO	89	org.l2jdevs.gameserver.LoginServerThread	Registered on login as Server 1: Bartz
2025.03.21 19:32:27,632	INFO	1	org.l2jdevs.gameserver.GameServer	GameServer: is now listening on: *:7777
2025.03.21 19:32:27,633	INFO	1	org.l2jdevs.gameserver.GameServer	GameServer: Maximum numbers of connected players: 500
2025.03.21 19:32:27,638	INFO	1	org.l2jdevs.gameserver.GameServer	GameServer: Server loaded in 34 seconds.
2025.03.21 19:32:27,640	INFO	1	org.l2jdevs.gameserver.GameServer	----------------------------------------------------=[ UPnP ]
2025.03.21 19:32:27,644	INFO	1	org.l2jdevs.UPnPService	Looking for UPnP Gateway Devices...
2025.03.21 19:32:28,091	INFO	1	org.l2jdevs.UPnPService	Using UPnP gateway: S7
2025.03.21 19:32:28,099	INFO	1	org.l2jdevs.UPnPService	Using local address: 192.168.68.104 External address: 192.168.100.242
2025.03.21 19:32:28,139	INFO	1	org.l2jdevs.UPnPService	Mapping successful on 192.168.68.104:7777
2025.03.21 19:32:28,140	INFO	1	org.l2jdevs.gameserver.GameServer	GameServer: Telnet server is currently disabled.
2025.03.21 19:32:38,224	INFO	57	org.l2jdevs.gameserver.model.actor.instance.L2PcInstance	Master access level set for character GOD.
2025.03.21 19:32:38,269	SEVERE	57	org.l2jdevs.gameserver.model.items.instance.L2ItemInstance	Item item_id=26908 not known, object_id=268481090
2025.03.21 19:32:38,274	SEVERE	57	org.l2jdevs.gameserver.model.items.instance.L2ItemInstance	Item item_id=26907 not known, object_id=268481089
2025.03.21 19:36:42,647	INFO	61	org.l2jdevs.gameserver.model.actor.instance.L2PcInstance	Master access level set for character GOD.
2025.03.21 19:36:42,661	SEVERE	61	org.l2jdevs.gameserver.model.items.instance.L2ItemInstance	Item item_id=26908 not known, object_id=268481090
2025.03.21 19:36:42,663	SEVERE	61	org.l2jdevs.gameserver.model.items.instance.L2ItemInstance	Item item_id=26907 not known, object_id=268481089
2025.03.21 19:36:43,611	SEVERE	91	org.l2jdevs.gameserver.network.L2GameClient	Client [Character: GOD[268480685] - Account: makusanagi - IP: 127.0.0.1] - Disconnected: Too many unknown packets.
2025.03.21 19:36:55,700	INFO	63	org.l2jdevs.gameserver.model.actor.instance.L2PcInstance	Master access level set for character GOD.
2025.03.21 19:36:55,719	SEVERE	63	org.l2jdevs.gameserver.model.items.instance.L2ItemInstance	Item item_id=26908 not known, object_id=268481090
2025.03.21 19:36:55,720	SEVERE	63	org.l2jdevs.gameserver.model.items.instance.L2ItemInstance	Item item_id=26907 not known, object_id=268481089
2025.03.21 19:40:47,144	INFO	46	org.l2jdevs.gameserver.instancemanager.GlobalVariablesManager	GlobalVariablesManager: Stored 6 variables.
2025.03.21 19:47:27,153	INFO	46	org.l2jdevs.gameserver.taskmanager.tasks.TaskOlympiadSave	Olympiad System: Data updated.
2025.03.21 19:48:36,928	WARNING	59	org.l2jdevs.gameserver.Shutdown	GM: GOD(268480685) issued shutdown command. restarting in 1 seconds!
2025.03.21 19:48:37,930	WARNING	96	org.l2jdevs.gameserver.Shutdown	GM shutdown countdown is over. restarting NOW!
