2025.03.20 19:25:23,665	INFO	1	org.l2jdevs.gameserver.GameServer	------------------------------------------------=[ Database ]
2025.03.20 19:25:23,712	INFO	1	org.l2jdevs.gameserver.dao.factory.impl.DAOFactory	Using MySQL DAO Factory.
2025.03.20 19:25:23,712	INFO	1	org.l2jdevs.commons.database.pool.impl.ConnectionFactory	Using HikariCP connection pool.
2025.03.20 19:25:23,712	INFO	1	org.l2jdevs.gameserver.GameServer	GameServer: Used memory: 9MB.
2025.03.20 19:25:23,712	INFO	1	com.zaxxer.hikari.HikariDataSource	HikariPool-1 - Starting...
2025.03.20 19:25:23,837	INFO	1	com.zaxxer.hikari.HikariDataSource	HikariPool-1 - Start completed.
2025.03.20 19:25:23,853	INFO	1	org.l2jdevs.gameserver.idfactory.BitSetIDFactory	Updated characters online status.
2025.03.20 19:25:23,946	INFO	1	org.l2jdevs.gameserver.idfactory.BitSetIDFactory	Cleaned 0 elements from database in 0 s
2025.03.20 19:25:23,946	INFO	1	org.l2jdevs.gameserver.idfactory.BitSetIDFactory	Cleaned 2 expired timestamps from database.
2025.03.20 19:25:23,993	INFO	1	org.l2jdevs.gameserver.idfactory.BitSetIDFactory	BitSetIDFactory: 102912 id's available.
2025.03.20 19:25:23,993	INFO	1	org.l2jdevs.gameserver.GameServer	---------------------------------------------------=[ World ]
2025.03.20 19:25:24,009	INFO	1	org.l2jdevs.util.data.xml.IXmlReader	InstanceManager: Multiverse Instance created.
2025.03.20 19:25:24,009	INFO	1	org.l2jdevs.util.data.xml.IXmlReader	InstanceManager: Universe Instance created.
2025.03.20 19:25:24,079	INFO	1	org.l2jdevs.util.data.xml.IXmlReader	InstanceManager: Loaded 160 instance names.
2025.03.20 19:25:24,100	INFO	1	org.l2jdevs.gameserver.model.L2World	L2World: (128 by 136) World Region Grid set up.
2025.03.20 19:25:24,268	INFO	1	org.l2jdevs.util.data.xml.IXmlReader	MapRegionManager: Loaded 57 map regions.
2025.03.20 19:25:24,281	INFO	1	org.l2jdevs.gameserver.instancemanager.GlobalVariablesManager	GlobalVariablesManager: Loaded 6 variables.
2025.03.20 19:25:24,282	INFO	1	org.l2jdevs.gameserver.GameServer	----------------------------------------------------=[ Data ]
2025.03.20 19:25:24,316	INFO	1	org.l2jdevs.util.data.xml.IXmlReader	CategoryData: Loaded 124 Categories.
2025.03.20 19:25:24,322	INFO	1	org.l2jdevs.util.data.xml.IXmlReader	SecondaryAuthData: Loaded 328 forbidden passwords.
2025.03.20 19:25:24,323	INFO	1	org.l2jdevs.gameserver.GameServer	-------------------------------------------------=[ Effects ]
2025.03.20 19:25:25,991	INFO	1	handlers.EffectMasterHandler	EffectMasterHandler: Loaded 161 effect handlers.
2025.03.20 19:25:25,991	INFO	1	org.l2jdevs.gameserver.GameServer	------------------------------------=[ Enchant Skill Groups ]
2025.03.20 19:25:26,005	INFO	1	org.l2jdevs.util.data.xml.IXmlReader	EnchantSkillGroupsData: Loaded 4 groups and 90 routes.
2025.03.20 19:25:26,005	INFO	1	org.l2jdevs.gameserver.GameServer	---------------------------------------------=[ Skill Trees ]
2025.03.20 19:25:26,372	INFO	1	org.l2jdevs.util.data.xml.IXmlReader	Loaded 17176 Class Skills for 103 Class Skill Trees.
2025.03.20 19:25:26,372	INFO	1	org.l2jdevs.util.data.xml.IXmlReader	Loaded 76 Sub-Class Skills.
2025.03.20 19:25:26,372	INFO	1	org.l2jdevs.util.data.xml.IXmlReader	Loaded 77 Transfer Skills for 3 Transfer Skill Trees.
2025.03.20 19:25:26,372	INFO	1	org.l2jdevs.util.data.xml.IXmlReader	Loaded 117 Fishing Skills, 8 Dwarven only Fishing Skills.
2025.03.20 19:25:26,372	INFO	1	org.l2jdevs.util.data.xml.IXmlReader	Loaded 3 Collect Skills.
2025.03.20 19:25:26,372	INFO	1	org.l2jdevs.util.data.xml.IXmlReader	Loaded 74 Pledge Skills, 44 for Pledge and 30 Residential.
2025.03.20 19:25:26,372	INFO	1	org.l2jdevs.util.data.xml.IXmlReader	Loaded 18 Sub-Pledge Skills.
2025.03.20 19:25:26,372	INFO	1	org.l2jdevs.util.data.xml.IXmlReader	Loaded 32 Transform Skills.
2025.03.20 19:25:26,372	INFO	1	org.l2jdevs.util.data.xml.IXmlReader	Loaded 8 Noble Skills.
2025.03.20 19:25:26,372	INFO	1	org.l2jdevs.util.data.xml.IXmlReader	Loaded 5 Hero Skills.
2025.03.20 19:25:26,372	INFO	1	org.l2jdevs.util.data.xml.IXmlReader	Loaded 46 Game Master Skills.
2025.03.20 19:25:26,372	INFO	1	org.l2jdevs.util.data.xml.IXmlReader	Loaded 46 Game Master Aura Skills.
2025.03.20 19:25:26,372	INFO	1	org.l2jdevs.gameserver.GameServer	--------------------------------------------------=[ Skills ]
2025.03.20 19:25:29,200	INFO	1	org.l2jdevs.gameserver.engines.DocumentEngine	DocumentEngine: Loaded 65963 Skill templates from XML files.
2025.03.20 19:25:29,247	INFO	1	org.l2jdevs.gameserver.data.sql.impl.SummonSkillsTable	SummonSkillsTable: Loaded 1891 skills.
2025.03.20 19:25:29,247	INFO	1	org.l2jdevs.gameserver.GameServer	---------------------------------------------------=[ Items ]
2025.03.20 19:25:30,026	INFO	1	org.l2jdevs.gameserver.datatables.ItemTable	ItemTable: Highest item id used:666005
2025.03.20 19:25:30,030	INFO	1	org.l2jdevs.gameserver.datatables.ItemTable	ItemTable: Loaded: 11481 Etc Items
2025.03.20 19:25:30,031	INFO	1	org.l2jdevs.gameserver.datatables.ItemTable	ItemTable: Loaded: 3844 Armor Items
2025.03.20 19:25:30,031	INFO	1	org.l2jdevs.gameserver.datatables.ItemTable	ItemTable: Loaded: 3898 Weapon Items
2025.03.20 19:25:30,032	INFO	1	org.l2jdevs.gameserver.datatables.ItemTable	ItemTable: Loaded: 19223 Items in total.
2025.03.20 19:25:30,040	INFO	1	org.l2jdevs.util.data.xml.IXmlReader	EnchantItemGroupsData: Loaded: 4 item group templates.
2025.03.20 19:25:30,041	INFO	1	org.l2jdevs.util.data.xml.IXmlReader	EnchantItemGroupsData: Loaded: 1 scroll group templates.
2025.03.20 19:25:30,047	INFO	1	org.l2jdevs.util.data.xml.IXmlReader	EnchantItemData: Loaded 63 Enchant Scrolls.
2025.03.20 19:25:30,047	INFO	1	org.l2jdevs.util.data.xml.IXmlReader	EnchantItemData: Loaded 20 Support Items.
2025.03.20 19:25:30,060	INFO	1	org.l2jdevs.util.data.xml.IXmlReader	EnchantItemOptionsData: Loaded: 23 Items and 1093 Options.
2025.03.20 19:25:30,733	INFO	1	org.l2jdevs.util.data.xml.IXmlReader	OptionData: Loaded: 24985 Options.
2025.03.20 19:25:30,738	INFO	1	org.l2jdevs.util.data.xml.IXmlReader	EnchantItemHPBonusData: Loaded 6 Enchant HP Bonuses.
2025.03.20 19:25:30,744	INFO	1	org.l2jdevs.gameserver.datatables.MerchantPriceConfigTable	MerchantPriceConfigTable: Loaded 28 merchant price configs.
2025.03.20 19:25:31,476	WARNING	1	org.l2jdevs.util.data.xml.IXmlReader	BuyListData: Folder Z:\L2 Another Server\game\data\buylists\custom doesn't exist!
2025.03.20 19:25:31,476	INFO	1	org.l2jdevs.util.data.xml.IXmlReader	BuyListData: Loaded 760 BuyLists.
2025.03.20 19:25:31,756	WARNING	1	org.l2jdevs.util.data.xml.IXmlReader	MultisellData: Folder Z:\L2 Another Server\game\data\multisell\custom doesn't exist!
2025.03.20 19:25:31,766	INFO	1	org.l2jdevs.util.data.xml.IXmlReader	MultisellData: Loaded 194 multisell lists.
2025.03.20 19:25:31,800	INFO	1	org.l2jdevs.util.data.xml.IXmlReader	RecipeData: Loaded 1000 recipes.
2025.03.20 19:25:31,832	INFO	1	org.l2jdevs.util.data.xml.IXmlReader	ArmorSetsData: Loaded 201 Armor sets.
2025.03.20 19:25:31,832	INFO	1	org.l2jdevs.util.data.xml.IXmlReader	FishData: Loaded 278 Fish.
2025.03.20 19:25:31,832	INFO	1	org.l2jdevs.util.data.xml.IXmlReader	FishingMonstersData: Loaded 8 Fishing Monsters.
2025.03.20 19:25:31,847	INFO	1	org.l2jdevs.util.data.xml.IXmlReader	FishingRodsData: Loaded 6 Fishing Rods.
2025.03.20 19:25:31,863	INFO	1	org.l2jdevs.util.data.xml.IXmlReader	HennaData: Loaded 180 Henna data.
2025.03.20 19:25:31,863	INFO	1	org.l2jdevs.gameserver.GameServer	----------------------------------------------=[ Characters ]
2025.03.20 19:25:31,863	INFO	1	org.l2jdevs.util.data.xml.IXmlReader	ClassListData: Loaded 107 Class data.
2025.03.20 19:25:31,863	INFO	1	org.l2jdevs.util.data.xml.IXmlReader	InitialEquipmentData: Loaded 11 Initial Equipment data.
2025.03.20 19:25:31,878	INFO	1	org.l2jdevs.util.data.xml.IXmlReader	InitialShortcutData: Loaded 5 Initial Global Shortcuts data.
2025.03.20 19:25:31,878	INFO	1	org.l2jdevs.util.data.xml.IXmlReader	InitialShortcutData: Loaded 4 Initial Shortcuts data.
2025.03.20 19:25:31,878	INFO	1	org.l2jdevs.util.data.xml.IXmlReader	InitialShortcutData: Loaded 0 Macros presets.
2025.03.20 19:25:31,910	INFO	1	org.l2jdevs.util.data.xml.IXmlReader	KarmaData: Loaded 85 karma modifiers.
2025.03.20 19:25:31,910	INFO	1	org.l2jdevs.util.data.xml.IXmlReader	HitConditionBonusData: Loaded Hit Condition bonuses.
2025.03.20 19:25:32,166	INFO	1	org.l2jdevs.util.data.xml.IXmlReader	PlayerTemplateData: Loaded 103 character templates.
2025.03.20 19:25:32,167	INFO	1	org.l2jdevs.util.data.xml.IXmlReader	PlayerTemplateData: Loaded 52530 level up gain records.
2025.03.20 19:25:32,174	INFO	1	org.l2jdevs.util.data.xml.IXmlReader	PlayerCreationPointData: Loaded 62 character creation points.
2025.03.20 19:25:32,177	INFO	1	org.l2jdevs.gameserver.data.sql.impl.CharNameTable	CharNameTable: Loaded 1 char names.
2025.03.20 19:25:32,180	INFO	1	org.l2jdevs.util.data.xml.IXmlReader	AdminData: Loaded: 10 Access Levels.
2025.03.20 19:25:32,184	INFO	1	org.l2jdevs.util.data.xml.IXmlReader	AdminData: Loaded: 444 Access Commands.
2025.03.20 19:25:32,186	INFO	1	org.l2jdevs.gameserver.instancemanager.RaidBossPointsManager	RaidBossPointsManager: Loaded 0 Character Raid Points.
2025.03.20 19:25:32,434	INFO	1	org.l2jdevs.util.data.xml.IXmlReader	PetDataTable: Loaded 52 Pets.
2025.03.20 19:25:32,444	INFO	1	org.l2jdevs.gameserver.GameServer	-----------------------------------------------=[ Languages ]
2025.03.20 19:25:32,447	INFO	1	org.l2jdevs.gameserver.datatables.LanguageData	Loaded language file: EN with 204 messages.
2025.03.20 19:25:32,449	INFO	1	org.l2jdevs.gameserver.datatables.LanguageData	Loaded language file: ES with 204 messages.
2025.03.20 19:25:32,450	INFO	1	org.l2jdevs.gameserver.datatables.LanguageData	Loaded language file: RU with 204 messages.
2025.03.20 19:25:32,450	INFO	1	org.l2jdevs.gameserver.datatables.LanguageData	LanguageData: Loaded 3 languages.
2025.03.20 19:25:32,451	INFO	1	org.l2jdevs.gameserver.GameServer	---------------------------------------------------=[ Clans ]
2025.03.20 19:25:32,463	INFO	1	org.l2jdevs.gameserver.communitybbs.Manager.ForumsBBSManager	Loaded 4 forums. Last forum id used: 4
2025.03.20 19:25:32,465	INFO	1	org.l2jdevs.gameserver.data.sql.impl.ClanTable	ClanTable: Restored 0 clans from the database.
2025.03.20 19:25:32,471	INFO	1	org.l2jdevs.gameserver.instancemanager.CHSiegeManager	CHSiegeManager: Loaded 6 conquerable clan halls.
2025.03.20 19:25:32,500	INFO	1	org.l2jdevs.gameserver.instancemanager.AuctionManager	AuctionManager: Loaded: 38 auction(s)
2025.03.20 19:25:32,516	INFO	1	org.l2jdevs.gameserver.instancemanager.ClanHallManager	ClanHallManager: Loaded: 0 clan halls
2025.03.20 19:25:32,516	INFO	1	org.l2jdevs.gameserver.instancemanager.ClanHallManager	ClanHallManager: Loaded: 38 free clan halls
2025.03.20 19:25:32,516	INFO	1	org.l2jdevs.gameserver.GameServer	-------------------------------------------------=[ Geodata ]
2025.03.20 19:25:32,563	INFO	1	org.l2jdevs.gameserver.GeoData	GeoData: Loaded 0 regions.
2025.03.20 19:25:32,563	INFO	1	org.l2jdevs.gameserver.GameServer	----------------------------------------------------=[ NPCs ]
2025.03.20 19:25:32,578	INFO	1	org.l2jdevs.util.data.xml.IXmlReader	SkillLearnData: Loaded 256 Skill Learn data.
2025.03.20 19:25:32,578	INFO	1	org.l2jdevs.util.data.xml.IXmlReader	MinionData: Loaded 128 minions data.
2025.03.20 19:25:34,242	INFO	1	org.l2jdevs.util.data.xml.IXmlReader	NpcData: Loaded 10461 NPCs.
2025.03.20 19:25:34,245	INFO	1	org.l2jdevs.util.data.xml.IXmlReader	NpcData: Loaded 11 custom NPCs.
2025.03.20 19:25:34,363	INFO	1	org.l2jdevs.util.data.xml.IXmlReader	WalkingManager: Loaded 123 walking routes.
2025.03.20 19:25:34,376	INFO	1	org.l2jdevs.util.data.xml.IXmlReader	StaticObjectData: Loaded 51 static object templates.
2025.03.20 19:25:34,525	INFO	1	org.l2jdevs.gameserver.instancemanager.GrandBossManager	GrandBossManager: Queen Ant(29001) status is 0.
2025.03.20 19:25:34,525	INFO	1	org.l2jdevs.gameserver.instancemanager.GrandBossManager	GrandBossManager: Core(29006) status is 0.
2025.03.20 19:25:34,525	INFO	1	org.l2jdevs.gameserver.instancemanager.GrandBossManager	GrandBossManager: Orfen(29014) status is 0.
2025.03.20 19:25:34,525	INFO	1	org.l2jdevs.gameserver.instancemanager.GrandBossManager	GrandBossManager: Baium(29020) status is 0.
2025.03.20 19:25:34,525	INFO	1	org.l2jdevs.gameserver.instancemanager.GrandBossManager	GrandBossManager: Valakas(29028) status is 0.
2025.03.20 19:25:34,525	INFO	1	org.l2jdevs.gameserver.instancemanager.GrandBossManager	GrandBossManager: Antharas(29068) status is 0.
2025.03.20 19:25:34,525	INFO	1	org.l2jdevs.gameserver.instancemanager.GrandBossManager	GrandBossManager: Beleth(29118) status is 0.
2025.03.20 19:25:34,525	INFO	1	org.l2jdevs.gameserver.instancemanager.GrandBossManager	GrandBossManager: Loaded 7 Instances
2025.03.20 19:25:34,810	INFO	1	org.l2jdevs.util.data.xml.IXmlReader	DoorData: Loaded 1301 Door templates for 22 regions.
2025.03.20 19:25:35,963	INFO	1	org.l2jdevs.util.data.xml.IXmlReader	ZoneManager: Loaded 28 zone classes and 2795 zones.
2025.03.20 19:25:35,963	INFO	1	org.l2jdevs.util.data.xml.IXmlReader	ZoneManager: Loaded 0 NPC spawn territoriers.
2025.03.20 19:25:35,978	INFO	1	org.l2jdevs.gameserver.instancemanager.CastleManager	CastleManager: Loaded: 9 castles
2025.03.20 19:25:35,978	INFO	1	org.l2jdevs.gameserver.data.sql.impl.NpcBufferTable	NpcBufferTable: Loaded 2 buffers and 64 skills.
2025.03.20 19:25:35,978	INFO	1	org.l2jdevs.gameserver.instancemanager.GrandBossManager	GrandBossManager: Initialized 12 Grand Boss Zones
2025.03.20 19:25:35,994	INFO	1	org.l2jdevs.gameserver.GameServer	-----------------------------------------=[ Auction Manager ]
2025.03.20 19:25:35,994	INFO	1	org.l2jdevs.gameserver.model.itemauction.ItemAuctionInstance	Loaded 82 item(s) and registered 1 auction(s) for NPC ID 32320.
2025.03.20 19:25:36,010	INFO	1	org.l2jdevs.gameserver.model.itemauction.ItemAuctionInstance	Schedule next auction ID 1 on 17:00:00 21.03.25 for NPC ID 32320.
2025.03.20 19:25:36,010	INFO	1	org.l2jdevs.gameserver.model.itemauction.ItemAuctionInstance	Loaded 82 item(s) and registered 2 auction(s) for NPC ID 32321.
2025.03.20 19:25:36,010	INFO	1	org.l2jdevs.gameserver.model.itemauction.ItemAuctionInstance	Schedule next auction ID 4 on 17:00:00 24.03.25 for NPC ID 32321.
2025.03.20 19:25:36,010	INFO	1	org.l2jdevs.gameserver.model.itemauction.ItemAuctionInstance	Loaded 82 item(s) and registered 2 auction(s) for NPC ID 32322.
2025.03.20 19:25:36,010	INFO	1	org.l2jdevs.gameserver.model.itemauction.ItemAuctionInstance	Schedule current auction ID 3 for NPC ID 32322.
2025.03.20 19:25:36,010	INFO	1	org.l2jdevs.gameserver.instancemanager.ItemAuctionManager	Loaded 3 auction manager instance(s).
2025.03.20 19:25:36,010	INFO	1	org.l2jdevs.gameserver.GameServer	------------------------------------------------=[ Olympiad ]
2025.03.20 19:25:36,025	INFO	1	org.l2jdevs.gameserver.model.olympiad.Olympiad	Olympiad System: Loading Olympiad System....
2025.03.20 19:25:36,025	INFO	1	org.l2jdevs.gameserver.model.olympiad.Olympiad	Olympiad System: Currently in Olympiad Period
2025.03.20 19:25:36,025	INFO	1	org.l2jdevs.gameserver.model.olympiad.Olympiad	Olympiad System: 16834 minutes until period ends
2025.03.20 19:25:36,025	INFO	1	org.l2jdevs.gameserver.model.olympiad.Olympiad	Olympiad System: Next weekly change is in 3003 minutes
2025.03.20 19:25:36,025	INFO	1	org.l2jdevs.gameserver.model.olympiad.Olympiad	Olympiad System: Loaded 0 Nobles
2025.03.20 19:25:36,025	INFO	1	org.l2jdevs.gameserver.model.olympiad.Olympiad	Olympiad System: Competition Period Starts in 0 days, 0 hours and 0 mins.
2025.03.20 19:25:36,041	INFO	1	org.l2jdevs.gameserver.model.olympiad.Olympiad	Olympiad System: Event starts/started : Thu Mar 20 18:00:36 CLST 2025
2025.03.20 19:25:36,047	INFO	1	org.l2jdevs.gameserver.model.entity.Hero	Hero System: Loaded 0 Heroes.
2025.03.20 19:25:36,047	INFO	1	org.l2jdevs.gameserver.model.entity.Hero	Hero System: Loaded 0 all time Heroes.
2025.03.20 19:25:36,047	INFO	1	org.l2jdevs.gameserver.GameServer	---------------------------------------------=[ Seven Signs ]
2025.03.20 19:25:36,047	INFO	1	org.l2jdevs.gameserver.SevenSigns	SevenSigns: Currently in the Seal Validation period.
2025.03.20 19:25:36,047	INFO	1	org.l2jdevs.gameserver.SevenSigns	SevenSigns: The Seal of Avarice remains unclaimed.
2025.03.20 19:25:36,047	INFO	1	org.l2jdevs.gameserver.SevenSigns	SevenSigns: The Seal of Gnosis remains unclaimed.
2025.03.20 19:25:36,047	INFO	1	org.l2jdevs.gameserver.SevenSigns	SevenSigns: The Seal of Strife remains unclaimed.
2025.03.20 19:25:36,047	INFO	1	org.l2jdevs.gameserver.SevenSigns	SevenSigns: The competition ended with a tie last week.
2025.03.20 19:25:36,047	INFO	1	org.l2jdevs.gameserver.SevenSigns	SevenSigns: Next period change set to Mon Mar 24 18:00:36 CLST 2025.
2025.03.20 19:25:36,047	INFO	1	org.l2jdevs.gameserver.SevenSigns	SevenSigns: Next period begins in 3 days, 22 hours and 35 mins.
2025.03.20 19:25:36,047	INFO	1	org.l2jdevs.gameserver.GameServer	---------------------------------------------------=[ Cache ]
2025.03.20 19:25:36,047	INFO	1	org.l2jdevs.gameserver.cache.HtmCache	Cache[HTML]: Running lazy cache
2025.03.20 19:25:36,062	INFO	1	org.l2jdevs.gameserver.data.sql.impl.CrestTable	CrestTable: Loaded 0 Crests.
2025.03.20 19:25:36,078	INFO	46	org.l2jdevs.gameserver.model.itemauction.ItemAuctionInstance	Auction ID 3 has finished. There have not been any bid for instance ID 32322.
2025.03.20 19:25:36,079	INFO	48	org.l2jdevs.gameserver.model.olympiad.Olympiad	Olympiad System: Olympiad Game Started
2025.03.20 19:25:36,079	INFO	46	org.l2jdevs.gameserver.model.itemauction.ItemAuctionInstance	Schedule next auction ID 5 on 17:00:00 26.03.25 for NPC ID 32322.
2025.03.20 19:25:36,080	INFO	1	org.l2jdevs.gameserver.data.sql.impl.TeleportLocationTable	TeleportLocationTable: Loaded 1139 Teleport Location Templates.
2025.03.20 19:25:36,080	INFO	48	org.l2jdevs.gameserver.model.olympiad.OlympiadGameManager	Olympiad System: Loaded 160 stadiums.
2025.03.20 19:25:36,080	INFO	1	org.l2jdevs.gameserver.data.sql.impl.TeleportLocationTable	TeleportLocationTable: Loaded 149 Custom Teleport Location Templates.
2025.03.20 19:25:36,080	INFO	1	org.l2jdevs.util.data.xml.IXmlReader	UIData: Loaded 4 keys 5 categories.
2025.03.20 19:25:36,146	INFO	1	org.l2jdevs.gameserver.datatables.AugmentationData	AugmentationData: Loaded: 33960 augmentations.
2025.03.20 19:25:36,146	INFO	1	org.l2jdevs.gameserver.datatables.AugmentationData	AugmentationData: Loaded: 2754 accessory augmentations.
2025.03.20 19:25:36,155	INFO	1	org.l2jdevs.gameserver.instancemanager.CursedWeaponsManager	CursedWeaponsManager: Loaded : 2 cursed weapon(s).
2025.03.20 19:25:36,446	INFO	1	org.l2jdevs.util.data.xml.IXmlReader	TransformData: Loaded: 111 transform templates.
2025.03.20 19:25:36,457	INFO	1	org.l2jdevs.gameserver.datatables.BotReportTable	BotReportTable: Loaded 0 bot reports
2025.03.20 19:25:36,458	INFO	1	org.l2jdevs.gameserver.GameServer	-------------------------------------------------=[ Scripts ]
2025.03.20 19:25:36,464	INFO	1	org.l2jdevs.gameserver.instancemanager.AirShipManager	AirShipManager: Loaded 0 private airships
2025.03.20 19:25:44,031	INFO	1	org.l2jdevs.gameserver.model.entity.clanhall.ClanHallSiegeEngine	Beast Farm siege scheduled for Sat Mar 29 12:00:00 CLST 2025.
2025.03.20 19:25:44,044	INFO	1	org.l2jdevs.gameserver.model.entity.clanhall.ClanHallSiegeEngine	Bandit StrongHold siege scheduled for Sat Mar 29 12:00:00 CLST 2025.
2025.03.20 19:25:44,066	INFO	1	quests.TerritoryWarScripts.TerritoryWarSuperClass	TerritoryWarSuperClass: Siege date: Sun Mar 23 22:00:00 CLST 2025
2025.03.20 19:25:44,081	INFO	1	handlers.EffectMasterHandler	EffectMasterHandler: Loaded 161 effect handlers.
2025.03.20 19:25:44,105	INFO	1	org.l2jdevs.gameserver.model.events.AbstractScript	Fantasy Isle: Parade starting at 2025/03/20 21:20 and is scheduled each next 1 hours.
2025.03.20 19:25:44,106	INFO	1	org.l2jdevs.gameserver.model.entity.clanhall.ClanHallSiegeEngine	Fortress of Resistance siege scheduled for Sat Mar 29 12:00:00 CLST 2025.
2025.03.20 19:25:44,117	INFO	1	hellbound.HellboundLoader	HellboundLoader: Loading Hellbound related scripts:
2025.03.20 19:25:44,119	INFO	1	org.l2jdevs.util.data.xml.IXmlReader	HellboundPointData: Loaded 47 trust point reward data.
2025.03.20 19:25:44,132	INFO	1	org.l2jdevs.util.data.xml.IXmlReader	HellboundSpawns: Loaded 598 Hellbound spawns.
2025.03.20 19:25:44,134	INFO	1	org.l2jdevs.gameserver.model.events.AbstractScript	HellboundEngine: Level: 0
2025.03.20 19:25:44,134	INFO	1	org.l2jdevs.gameserver.model.events.AbstractScript	HellboundEngine: Trust: 0
2025.03.20 19:25:44,136	INFO	1	org.l2jdevs.gameserver.model.events.AbstractScript	HellboundEngine: Status: locked.
2025.03.20 19:25:44,180	INFO	1	org.l2jdevs.gameserver.instancemanager.RaidBossSpawnManager	RaidBossSpawnManager: Loaded 187 Instances
2025.03.20 19:25:44,180	INFO	1	org.l2jdevs.gameserver.instancemanager.RaidBossSpawnManager	RaidBossSpawnManager: Scheduled 0 Instances
2025.03.20 19:25:44,310	INFO	1	org.l2jdevs.gameserver.model.events.AbstractScript	[EnhanceYourWeapon] Loaded 54 Soul Crystal data.
2025.03.20 19:25:44,310	INFO	1	org.l2jdevs.gameserver.model.events.AbstractScript	[EnhanceYourWeapon] Loaded 240 npc Leveling info data.
2025.03.20 19:25:44,357	INFO	1	gracia.GraciaLoader	GraciaLoader: Loading Gracia related scripts.
2025.03.20 19:25:44,382	INFO	1	-	-----------------------------------=[ [L2JDevs] Mods Engine ]
2025.03.20 19:25:44,398	INFO	1	ModsManager	Starting the Mod Engine.
2025.03.20 19:25:44,398	INFO	1	ModsManager	Creating structure.
2025.03.20 19:25:44,415	INFO	1	ModSqlTable	Database successfully loaded!
2025.03.20 19:25:44,418	INFO	1	GrandFatherMod	Admin engine commands loaded!
2025.03.20 19:25:44,435	INFO	1	ModsLoader	-> The mod TemplateMod is disabled.
2025.03.20 19:25:44,435	INFO	1	GrandFatherMod	Grand Father Mod working!
2025.03.20 19:25:44,437	INFO	1	ModsManager	Mods Engine successfully loaded!
2025.03.20 19:25:44,437	INFO	1	-	-----------------------------------=[ [L2JDevs] Mods Engine ]
2025.03.20 19:25:44,444	INFO	1	org.l2jdevs.gameserver.model.entity.clanhall.ClanHallSiegeEngine	Rainbow Springs siege scheduled for Sat Mar 29 12:00:00 CLST 2025.
2025.03.20 19:25:44,474	INFO	1	handlers.MasterHandler	Loading Handlers...
2025.03.20 19:25:44,475	INFO	1	handlers.MasterHandler	VoicedCommandHandler: Loaded 5 handlers.
2025.03.20 19:25:44,477	INFO	1	handlers.MasterHandler	ActionHandler: Loaded 10 handlers.
2025.03.20 19:25:44,479	INFO	1	handlers.MasterHandler	ActionShiftHandler: Loaded 6 handlers.
2025.03.20 19:25:44,488	INFO	1	handlers.MasterHandler	AdminCommandHandler: Loaded 454 handlers.
2025.03.20 19:25:44,494	INFO	1	handlers.MasterHandler	BypassHandler: Loaded 48 handlers.
2025.03.20 19:25:44,495	INFO	1	handlers.MasterHandler	ChatHandler: Loaded 14 handlers.
2025.03.20 19:25:44,496	INFO	1	handlers.MasterHandler	CommunityBoardHandler: Loaded 15 handlers.
2025.03.20 19:25:44,500	INFO	1	handlers.MasterHandler	ItemHandler: Loaded 31 handlers.
2025.03.20 19:25:44,501	INFO	1	handlers.MasterHandler	PunishmentHandler: Loaded 3 handlers.
2025.03.20 19:25:44,503	INFO	1	handlers.MasterHandler	UserCommandHandler: Loaded 17 handlers.
2025.03.20 19:25:44,505	INFO	1	handlers.MasterHandler	TargetHandler: Loaded 37 handlers.
2025.03.20 19:25:44,506	INFO	1	handlers.MasterHandler	TelnetHandler: Loaded 20 handlers.
2025.03.20 19:25:44,506	INFO	1	handlers.MasterHandler	Handlers Loaded...
2025.03.20 19:25:44,512	INFO	1	org.l2jdevs.gameserver.model.entity.clanhall.ClanHallSiegeEngine	Fortresss of the Dead siege scheduled for Sat Mar 29 12:00:00 CLST 2025.
2025.03.20 19:25:44,515	INFO	1	org.l2jdevs.gameserver.model.entity.clanhall.ClanHallSiegeEngine	Devastated Castle siege scheduled for Sat Mar 29 12:00:00 CLST 2025.
2025.03.20 19:25:44,534	INFO	1	org.l2jdevs.gameserver.model.events.AbstractScript	Handy's Block Checker Event is enabled
2025.03.20 19:25:44,540	INFO	1	instances.InstanceLoader	InstanceLoader: Loading Instances scripts.
2025.03.20 19:25:44,567	INFO	1	org.l2jdevs.util.data.xml.IXmlReader	NpcBuffersData: Loaded: 33 buffers data.
2025.03.20 19:25:45,592	INFO	1	org.l2jdevs.util.data.xml.IXmlReader	SpawnTable: Loaded 3765 npc spawns.
2025.03.20 19:25:45,616	INFO	1	org.l2jdevs.util.data.xml.IXmlReader	SpawnTable: Loaded 1 custom npc spawns.
2025.03.20 19:25:45,663	INFO	1	org.l2jdevs.util.data.xml.IXmlReader	SpawnTable: Loaded 1190 npc spawns from XML.
2025.03.20 19:25:45,678	INFO	1	org.l2jdevs.gameserver.instancemanager.DayNightSpawnManager	DayNightSpawnManager: Removed 0 night creatures
2025.03.20 19:25:45,678	INFO	1	org.l2jdevs.gameserver.instancemanager.DayNightSpawnManager	DayNightSpawnManager: Spawned 232 day creatures
2025.03.20 19:25:45,678	INFO	1	org.l2jdevs.gameserver.instancemanager.FourSepulchersManager	FourSepulchersManager: loaded 20 Mysterious-Box spawns.
2025.03.20 19:25:45,710	INFO	1	org.l2jdevs.gameserver.instancemanager.FourSepulchersManager	FourSepulchersManager: loaded 716 Physical type monsters spawns.
2025.03.20 19:25:45,725	INFO	1	org.l2jdevs.gameserver.instancemanager.FourSepulchersManager	FourSepulchersManager: loaded 716 Magical type monsters spawns.
2025.03.20 19:25:45,725	INFO	1	org.l2jdevs.gameserver.instancemanager.FourSepulchersManager	FourSepulchersManager: loaded 92 Church of duke monsters spawns.
2025.03.20 19:25:45,741	INFO	1	org.l2jdevs.gameserver.instancemanager.FourSepulchersManager	FourSepulchersManager: loaded 68 Emperor's grave NPC spawns.
2025.03.20 19:25:45,741	INFO	1	org.l2jdevs.gameserver.instancemanager.FourSepulchersManager	FourSepulchersManager: spawned Conquerors' Sepulcher Manager
2025.03.20 19:25:45,741	INFO	1	org.l2jdevs.gameserver.instancemanager.FourSepulchersManager	FourSepulchersManager: spawned Emperors' Sepulcher Manager
2025.03.20 19:25:45,741	INFO	1	org.l2jdevs.gameserver.instancemanager.FourSepulchersManager	FourSepulchersManager: spawned Great Sages' Sepulcher Manager
2025.03.20 19:25:45,741	INFO	1	org.l2jdevs.gameserver.instancemanager.FourSepulchersManager	FourSepulchersManager: spawned Judges' Sepulcher Manager
2025.03.20 19:25:45,741	INFO	1	org.l2jdevs.gameserver.instancemanager.FourSepulchersManager	FourSepulchersManager: Beginning in Attack time
2025.03.20 19:25:45,741	INFO	1	org.l2jdevs.gameserver.instancemanager.DimensionalRiftManager	DimensionalRiftManager: Loaded 7 room types with 56 rooms.
2025.03.20 19:25:45,741	INFO	1	org.l2jdevs.gameserver.instancemanager.DimensionalRiftManager	DimensionalRiftManager: Loaded 462 dimensional rift spawns, 0 errors.
2025.03.20 19:25:45,756	INFO	1	org.l2jdevs.gameserver.GameServer	---------------------------------------------------=[ Siege ]
2025.03.20 19:25:45,756	INFO	1	org.l2jdevs.gameserver.model.entity.Siege	Siege of Gludio: Sun Mar 23 16:00:00 CLST 2025
2025.03.20 19:25:45,756	INFO	1	org.l2jdevs.gameserver.model.entity.Siege	Siege of Dion: Sun Mar 23 16:00:00 CLST 2025
2025.03.20 19:25:45,756	INFO	1	org.l2jdevs.gameserver.model.entity.Siege	Siege of Giran: Sun Mar 23 16:00:00 CLST 2025
2025.03.20 19:25:45,756	INFO	1	org.l2jdevs.gameserver.model.entity.Siege	Siege of Oren: Sun Mar 23 16:00:00 CLST 2025
2025.03.20 19:25:45,756	INFO	1	org.l2jdevs.gameserver.model.entity.Siege	Siege of Aden: Sun Mar 23 16:00:00 CLST 2025
2025.03.20 19:25:45,772	INFO	1	org.l2jdevs.gameserver.model.entity.Siege	Siege of Innadril: Sun Mar 23 20:00:00 CLST 2025
2025.03.20 19:25:45,772	INFO	1	org.l2jdevs.gameserver.model.entity.Siege	Siege of Goddard: Sun Mar 23 20:00:00 CLST 2025
2025.03.20 19:25:45,772	INFO	1	org.l2jdevs.gameserver.model.entity.Siege	Siege of Rune: Sun Mar 23 20:00:00 CLST 2025
2025.03.20 19:25:45,772	INFO	1	org.l2jdevs.gameserver.model.entity.Siege	Siege of Schuttgart: Sun Mar 23 20:00:00 CLST 2025
2025.03.20 19:25:45,857	INFO	1	org.l2jdevs.gameserver.instancemanager.FortManager	FortManager: Loaded: 21 fortress
2025.03.20 19:25:45,946	INFO	1	org.l2jdevs.util.data.xml.IXmlReader	SiegeScheduleData: Loaded: 2 siege schedulers.
2025.03.20 19:25:45,964	INFO	1	org.l2jdevs.util.data.xml.IXmlReader	CastleManorManager: Loaded 258 seeds.
2025.03.20 19:25:45,973	INFO	1	org.l2jdevs.util.data.xml.IXmlReader	CastleManorManager: Manor data loaded.
2025.03.20 19:25:45,976	INFO	1	org.l2jdevs.gameserver.instancemanager.MercTicketManager	MercTicketManager: Loaded: 0 Mercenary Tickets
2025.03.20 19:25:45,977	INFO	1	org.l2jdevs.gameserver.instancemanager.QuestManager	QuestManager: Loaded: 522 quests.
2025.03.20 19:25:45,977	INFO	1	org.l2jdevs.gameserver.instancemanager.QuestManager	QuestManager: Loaded: 277 scripts.
2025.03.20 19:25:46,019	INFO	1	org.l2jdevs.gameserver.SevenSignsFestival	SevenSignsFestival: Initialization bypassed due to Seal Validation in effect.
2025.03.20 19:25:46,025	INFO	1	org.l2jdevs.gameserver.script.faenor.FaenorEventParser	Event ID: (Valentines Event) has passed... Ignored.
2025.03.20 19:25:46,025	INFO	1	org.l2jdevs.gameserver.script.faenor.FaenorScriptEngine	FaenorScriptEngine: Loaded  Valentines.xml successfully.
2025.03.20 19:25:46,025	INFO	1	org.l2jdevs.gameserver.GameServer	AutoSpawnHandler: Loaded 129 handlers in total.
2025.03.20 19:25:46,034	INFO	1	org.l2jdevs.gameserver.taskmanager.TaskManager	TaskManager: Loaded: 13 Tasks
2025.03.20 19:25:46,036	INFO	1	org.l2jdevs.gameserver.instancemanager.MailManager	MailManager: Successfully loaded 0 messages.
2025.03.20 19:25:46,039	INFO	1	org.l2jdevs.gameserver.instancemanager.PunishmentManager	PunishmentManager: Loaded 0 active and 0 expired punishments.
2025.03.20 19:25:46,040	INFO	1	org.l2jdevs.gameserver.GameServer	IdFactory: Free ObjectID's remaining: 1879002868
2025.03.20 19:25:46,041	INFO	1	org.l2jdevs.gameserver.model.entity.TvTManager	TvTEventEngine[TvTManager.TvTManager()]: Engine is disabled.
2025.03.20 19:25:46,043	INFO	1	org.l2jdevs.gameserver.data.sql.impl.OfflineTradersTable	OfflineTradersTable: Loading offline traders...
2025.03.20 19:25:46,045	INFO	1	org.l2jdevs.gameserver.data.sql.impl.OfflineTradersTable	OfflineTradersTable: Loaded: 0 offline trader(s)
2025.03.20 19:25:46,290	INFO	1	org.l2jdevs.gameserver.GameServer	GameServer: Started, free memory 1594 Mb of 2048 Mb
2025.03.20 19:25:46,342	INFO	89	org.l2jdevs.gameserver.LoginServerThread	Connecting to login on 127.0.0.1:9014
2025.03.20 19:25:46,412	INFO	89	org.l2jdevs.gameserver.LoginServerThread	Registered on login as Server 1: Bartz
2025.03.20 19:25:46,454	INFO	1	org.l2jdevs.gameserver.GameServer	GameServer: is now listening on: *:7777
2025.03.20 19:25:46,455	INFO	1	org.l2jdevs.gameserver.GameServer	GameServer: Maximum numbers of connected players: 500
2025.03.20 19:25:46,456	INFO	1	org.l2jdevs.gameserver.GameServer	GameServer: Server loaded in 22 seconds.
2025.03.20 19:25:46,459	INFO	1	org.l2jdevs.gameserver.GameServer	----------------------------------------------------=[ UPnP ]
2025.03.20 19:25:46,461	INFO	1	org.l2jdevs.UPnPService	Looking for UPnP Gateway Devices...
2025.03.20 19:25:46,816	INFO	1	org.l2jdevs.UPnPService	Using UPnP gateway: S7
2025.03.20 19:25:46,836	INFO	1	org.l2jdevs.UPnPService	Using local address: 192.168.68.107 External address: 192.168.100.242
2025.03.20 19:25:46,885	INFO	1	org.l2jdevs.UPnPService	Mapping successful on 192.168.68.107:7777
2025.03.20 19:25:46,885	INFO	1	org.l2jdevs.gameserver.GameServer	GameServer: Telnet server is currently disabled.
2025.03.20 19:26:48,615	INFO	58	org.l2jdevs.gameserver.model.actor.instance.L2PcInstance	Master access level set for character Meryem.
2025.03.20 19:26:50,144	SEVERE	91	org.l2jdevs.gameserver.network.L2GameClient	Client [Character: Meryem[268480685] - Account: makusanagi - IP: 127.0.0.1] - Disconnected: Too many unknown packets.
2025.03.20 19:27:04,886	INFO	60	org.l2jdevs.gameserver.model.actor.instance.L2PcInstance	Master access level set for character Meryem.
2025.03.20 19:28:57,868	WARNING	58	org.l2jdevs.gameserver.datatables.SkillData	SkillData: No skill info found for skill id 34591 and skill level 1.
2025.03.20 19:28:57,868	WARNING	58	org.l2jdevs.gameserver.model.itemcontainer.Inventory	Inventory.ArmorSetListener: Incorrect skill: [SkillId: 34591 Level: 1].
2025.03.20 19:33:04,561	WARNING	58	org.l2jdevs.gameserver.datatables.SkillData	SkillData: No skill info found for skill id 34591 and skill level 1.
2025.03.20 19:33:04,561	WARNING	58	org.l2jdevs.gameserver.model.itemcontainer.Inventory	Inventory.ArmorSetListener: Incorrect skill: [SkillId: 34591 Level: 1].
2025.03.20 19:33:07,020	WARNING	62	org.l2jdevs.gameserver.datatables.SkillData	SkillData: No skill info found for skill id 34591 and skill level 1.
2025.03.20 19:33:07,021	WARNING	62	org.l2jdevs.gameserver.model.itemcontainer.Inventory	Inventory.ArmorSetListener: Incorrect skill: [SkillId: 34591 Level: 1].
2025.03.20 19:34:06,044	INFO	47	org.l2jdevs.gameserver.instancemanager.GlobalVariablesManager	GlobalVariablesManager: Stored 6 variables.
2025.03.20 19:40:46,047	INFO	49	org.l2jdevs.gameserver.taskmanager.tasks.TaskOlympiadSave	Olympiad System: Data updated.
2025.03.20 19:45:50,504	INFO	65	org.l2jdevs.gameserver.model.actor.instance.L2PcInstance	Master access level set for character Meryem.
2025.03.20 19:45:50,514	WARNING	65	org.l2jdevs.gameserver.datatables.SkillData	SkillData: No skill info found for skill id 34591 and skill level 1.
2025.03.20 19:45:50,514	WARNING	65	org.l2jdevs.gameserver.model.itemcontainer.Inventory	Inventory.ArmorSetListener: Incorrect skill: [SkillId: 34591 Level: 1].
2025.03.20 19:45:50,521	WARNING	65	org.l2jdevs.gameserver.datatables.SkillData	SkillData: No skill info found for skill id 34591 and skill level 1.
2025.03.20 19:45:50,521	WARNING	65	org.l2jdevs.gameserver.model.itemcontainer.Inventory	Inventory.ArmorSetListener: Incorrect skill: [SkillId: 34591 Level: 1].
2025.03.20 19:52:04,489	INFO	61	org.l2jdevs.gameserver.model.actor.instance.L2PcInstance	Master access level set for character Meryem.
2025.03.20 19:52:04,498	WARNING	61	org.l2jdevs.gameserver.datatables.SkillData	SkillData: No skill info found for skill id 34591 and skill level 1.
2025.03.20 19:52:04,499	WARNING	61	org.l2jdevs.gameserver.model.itemcontainer.Inventory	Inventory.ArmorSetListener: Incorrect skill: [SkillId: 34591 Level: 1].
2025.03.20 19:52:04,508	WARNING	61	org.l2jdevs.gameserver.datatables.SkillData	SkillData: No skill info found for skill id 34591 and skill level 1.
2025.03.20 19:52:04,508	WARNING	61	org.l2jdevs.gameserver.model.itemcontainer.Inventory	Inventory.ArmorSetListener: Incorrect skill: [SkillId: 34591 Level: 1].
2025.03.20 19:53:12,167	WARNING	60	org.l2jdevs.gameserver.datatables.SkillData	SkillData: No skill info found for skill id 34591 and skill level 1.
2025.03.20 19:53:12,167	WARNING	60	org.l2jdevs.gameserver.model.itemcontainer.Inventory	Inventory.ArmorSetListener: Incorrect skill: [SkillId: 34591 Level: 1].
2025.03.20 19:53:13,358	WARNING	61	org.l2jdevs.gameserver.datatables.SkillData	SkillData: No skill info found for skill id 34591 and skill level 1.
2025.03.20 19:53:13,358	WARNING	61	org.l2jdevs.gameserver.model.itemcontainer.Inventory	Inventory.ArmorSetListener: Incorrect skill: [SkillId: 34591 Level: 1].
2025.03.20 19:55:46,059	INFO	46	org.l2jdevs.gameserver.taskmanager.tasks.TaskSevenSignsUpdate	SevenSigns: Data updated successfully.
2025.03.20 20:00:00,002	INFO	20	org.l2jdevs.gameserver.instancemanager.DayNightSpawnManager	DayNightSpawnManager: Removed 232 day creatures
2025.03.20 20:00:00,006	INFO	20	org.l2jdevs.gameserver.instancemanager.DayNightSpawnManager	DayNightSpawnManager: Spawned 553 night creatures
2025.03.20 20:04:06,063	INFO	49	org.l2jdevs.gameserver.instancemanager.GlobalVariablesManager	GlobalVariablesManager: Stored 6 variables.
2025.03.20 20:05:12,376	INFO	62	org.l2jdevs.gameserver.model.actor.instance.L2PcInstance	Master access level set for character Waizatsu.
2025.03.20 20:05:12,386	WARNING	62	org.l2jdevs.gameserver.datatables.SkillData	SkillData: No skill info found for skill id 34591 and skill level 1.
2025.03.20 20:05:12,386	WARNING	62	org.l2jdevs.gameserver.model.itemcontainer.Inventory	Inventory.ArmorSetListener: Incorrect skill: [SkillId: 34591 Level: 1].
2025.03.20 20:05:12,394	WARNING	62	org.l2jdevs.gameserver.datatables.SkillData	SkillData: No skill info found for skill id 34591 and skill level 1.
2025.03.20 20:05:12,395	WARNING	62	org.l2jdevs.gameserver.model.itemcontainer.Inventory	Inventory.ArmorSetListener: Incorrect skill: [SkillId: 34591 Level: 1].
2025.03.20 20:09:43,226	INFO	62	org.l2jdevs.gameserver.model.actor.instance.L2PcInstance	Master access level set for character Waizatsu.
2025.03.20 20:09:43,234	WARNING	62	org.l2jdevs.gameserver.datatables.SkillData	SkillData: No skill info found for skill id 34591 and skill level 1.
2025.03.20 20:09:43,234	WARNING	62	org.l2jdevs.gameserver.model.itemcontainer.Inventory	Inventory.ArmorSetListener: Incorrect skill: [SkillId: 34591 Level: 1].
2025.03.20 20:09:43,245	WARNING	62	org.l2jdevs.gameserver.datatables.SkillData	SkillData: No skill info found for skill id 34591 and skill level 1.
2025.03.20 20:09:43,245	WARNING	62	org.l2jdevs.gameserver.model.itemcontainer.Inventory	Inventory.ArmorSetListener: Incorrect skill: [SkillId: 34591 Level: 1].
2025.03.20 20:10:46,056	INFO	45	org.l2jdevs.gameserver.taskmanager.tasks.TaskOlympiadSave	Olympiad System: Data updated.
2025.03.20 20:19:59,910	INFO	61	org.l2jdevs.gameserver.model.actor.instance.L2PcInstance	Master access level set for character Waizatsu.
2025.03.20 20:19:59,918	WARNING	61	org.l2jdevs.gameserver.datatables.SkillData	SkillData: No skill info found for skill id 34591 and skill level 1.
2025.03.20 20:19:59,918	WARNING	61	org.l2jdevs.gameserver.model.itemcontainer.Inventory	Inventory.ArmorSetListener: Incorrect skill: [SkillId: 34591 Level: 1].
2025.03.20 20:19:59,926	WARNING	61	org.l2jdevs.gameserver.datatables.SkillData	SkillData: No skill info found for skill id 34591 and skill level 1.
2025.03.20 20:19:59,926	WARNING	61	org.l2jdevs.gameserver.model.itemcontainer.Inventory	Inventory.ArmorSetListener: Incorrect skill: [SkillId: 34591 Level: 1].
2025.03.20 20:25:46,046	INFO	43	org.l2jdevs.gameserver.taskmanager.tasks.TaskSevenSignsUpdate	SevenSigns: Data updated successfully.
2025.03.20 20:34:06,061	INFO	44	org.l2jdevs.gameserver.instancemanager.GlobalVariablesManager	GlobalVariablesManager: Stored 6 variables.
2025.03.20 20:40:46,057	INFO	44	org.l2jdevs.gameserver.taskmanager.tasks.TaskOlympiadSave	Olympiad System: Data updated.
2025.03.20 20:52:12,775	WARNING	60	org.l2jdevs.gameserver.Shutdown	GM: Waizatsu(268480685) issued shutdown command. restarting in 1 seconds!
2025.03.20 20:52:13,779	WARNING	114	org.l2jdevs.gameserver.Shutdown	GM shutdown countdown is over. restarting NOW!
