2025.03.22 19:44:32,734	INFO	1	org.l2jdevs.gameserver.GameServer	------------------------------------------------=[ Database ]
2025.03.22 19:44:32,789	INFO	1	org.l2jdevs.gameserver.dao.factory.impl.DAOFactory	Using MySQL DAO Factory.
2025.03.22 19:44:32,793	INFO	1	org.l2jdevs.commons.database.pool.impl.ConnectionFactory	Using HikariCP connection pool.
2025.03.22 19:44:32,794	INFO	1	org.l2jdevs.gameserver.GameServer	GameServer: Used memory: 9MB.
2025.03.22 19:44:32,796	INFO	1	com.zaxxer.hikari.HikariDataSource	HikariPool-1 - Starting...
2025.03.22 19:44:32,941	INFO	1	com.zaxxer.hikari.HikariDataSource	HikariPool-1 - Start completed.
2025.03.22 19:44:32,952	INFO	1	org.l2jdevs.gameserver.idfactory.BitSetIDFactory	Updated characters online status.
2025.03.22 19:44:32,997	INFO	1	org.l2jdevs.gameserver.idfactory.BitSetIDFactory	Cleaned 0 elements from database in 0 s
2025.03.22 19:44:33,008	INFO	1	org.l2jdevs.gameserver.idfactory.BitSetIDFactory	Cleaned 0 expired timestamps from database.
2025.03.22 19:44:33,044	INFO	1	org.l2jdevs.gameserver.idfactory.BitSetIDFactory	BitSetIDFactory: 102912 id's available.
2025.03.22 19:44:33,054	INFO	1	org.l2jdevs.gameserver.GameServer	---------------------------------------------------=[ World ]
2025.03.22 19:44:33,059	INFO	1	org.l2jdevs.util.data.xml.IXmlReader	InstanceManager: Multiverse Instance created.
2025.03.22 19:44:33,060	INFO	1	org.l2jdevs.util.data.xml.IXmlReader	InstanceManager: Universe Instance created.
2025.03.22 19:44:33,151	INFO	1	org.l2jdevs.util.data.xml.IXmlReader	InstanceManager: Loaded 160 instance names.
2025.03.22 19:44:33,180	INFO	1	org.l2jdevs.gameserver.model.L2World	L2World: (128 by 136) World Region Grid set up.
2025.03.22 19:44:33,380	INFO	1	org.l2jdevs.util.data.xml.IXmlReader	MapRegionManager: Loaded 57 map regions.
2025.03.22 19:44:33,389	INFO	1	org.l2jdevs.gameserver.instancemanager.GlobalVariablesManager	GlobalVariablesManager: Loaded 6 variables.
2025.03.22 19:44:33,389	INFO	1	org.l2jdevs.gameserver.GameServer	----------------------------------------------------=[ Data ]
2025.03.22 19:44:33,429	INFO	1	org.l2jdevs.util.data.xml.IXmlReader	CategoryData: Loaded 124 Categories.
2025.03.22 19:44:33,435	INFO	1	org.l2jdevs.util.data.xml.IXmlReader	SecondaryAuthData: Loaded 328 forbidden passwords.
2025.03.22 19:44:33,435	INFO	1	org.l2jdevs.gameserver.GameServer	-------------------------------------------------=[ Effects ]
2025.03.22 19:44:35,272	INFO	1	handlers.EffectMasterHandler	EffectMasterHandler: Loaded 161 effect handlers.
2025.03.22 19:44:35,273	INFO	1	org.l2jdevs.gameserver.GameServer	------------------------------------=[ Enchant Skill Groups ]
2025.03.22 19:44:35,288	INFO	1	org.l2jdevs.util.data.xml.IXmlReader	EnchantSkillGroupsData: Loaded 4 groups and 90 routes.
2025.03.22 19:44:35,288	INFO	1	org.l2jdevs.gameserver.GameServer	---------------------------------------------=[ Skill Trees ]
2025.03.22 19:44:35,687	INFO	1	org.l2jdevs.util.data.xml.IXmlReader	Loaded 17176 Class Skills for 103 Class Skill Trees.
2025.03.22 19:44:35,687	INFO	1	org.l2jdevs.util.data.xml.IXmlReader	Loaded 76 Sub-Class Skills.
2025.03.22 19:44:35,688	INFO	1	org.l2jdevs.util.data.xml.IXmlReader	Loaded 77 Transfer Skills for 3 Transfer Skill Trees.
2025.03.22 19:44:35,691	INFO	1	org.l2jdevs.util.data.xml.IXmlReader	Loaded 117 Fishing Skills, 8 Dwarven only Fishing Skills.
2025.03.22 19:44:35,691	INFO	1	org.l2jdevs.util.data.xml.IXmlReader	Loaded 3 Collect Skills.
2025.03.22 19:44:35,692	INFO	1	org.l2jdevs.util.data.xml.IXmlReader	Loaded 74 Pledge Skills, 44 for Pledge and 30 Residential.
2025.03.22 19:44:35,692	INFO	1	org.l2jdevs.util.data.xml.IXmlReader	Loaded 18 Sub-Pledge Skills.
2025.03.22 19:44:35,693	INFO	1	org.l2jdevs.util.data.xml.IXmlReader	Loaded 32 Transform Skills.
2025.03.22 19:44:35,694	INFO	1	org.l2jdevs.util.data.xml.IXmlReader	Loaded 8 Noble Skills.
2025.03.22 19:44:35,694	INFO	1	org.l2jdevs.util.data.xml.IXmlReader	Loaded 5 Hero Skills.
2025.03.22 19:44:35,695	INFO	1	org.l2jdevs.util.data.xml.IXmlReader	Loaded 46 Game Master Skills.
2025.03.22 19:44:35,696	INFO	1	org.l2jdevs.util.data.xml.IXmlReader	Loaded 46 Game Master Aura Skills.
2025.03.22 19:44:35,697	INFO	1	org.l2jdevs.gameserver.GameServer	--------------------------------------------------=[ Skills ]
2025.03.22 19:44:38,898	INFO	1	org.l2jdevs.gameserver.engines.DocumentEngine	DocumentEngine: Loaded 65963 Skill templates from XML files.
2025.03.22 19:44:38,945	INFO	1	org.l2jdevs.gameserver.data.sql.impl.SummonSkillsTable	SummonSkillsTable: Loaded 1891 skills.
2025.03.22 19:44:38,945	INFO	1	org.l2jdevs.gameserver.GameServer	---------------------------------------------------=[ Items ]
2025.03.22 19:44:39,814	INFO	1	org.l2jdevs.gameserver.datatables.ItemTable	ItemTable: Highest item id used:666005
2025.03.22 19:44:39,820	INFO	1	org.l2jdevs.gameserver.datatables.ItemTable	ItemTable: Loaded: 11481 Etc Items
2025.03.22 19:44:39,821	INFO	1	org.l2jdevs.gameserver.datatables.ItemTable	ItemTable: Loaded: 3879 Armor Items
2025.03.22 19:44:39,822	INFO	1	org.l2jdevs.gameserver.datatables.ItemTable	ItemTable: Loaded: 3898 Weapon Items
2025.03.22 19:44:39,822	INFO	1	org.l2jdevs.gameserver.datatables.ItemTable	ItemTable: Loaded: 19258 Items in total.
2025.03.22 19:44:39,830	INFO	1	org.l2jdevs.util.data.xml.IXmlReader	EnchantItemGroupsData: Loaded: 4 item group templates.
2025.03.22 19:44:39,830	INFO	1	org.l2jdevs.util.data.xml.IXmlReader	EnchantItemGroupsData: Loaded: 1 scroll group templates.
2025.03.22 19:44:39,837	INFO	1	org.l2jdevs.util.data.xml.IXmlReader	EnchantItemData: Loaded 63 Enchant Scrolls.
2025.03.22 19:44:39,838	INFO	1	org.l2jdevs.util.data.xml.IXmlReader	EnchantItemData: Loaded 20 Support Items.
2025.03.22 19:44:39,851	INFO	1	org.l2jdevs.util.data.xml.IXmlReader	EnchantItemOptionsData: Loaded: 23 Items and 1093 Options.
2025.03.22 19:44:40,666	INFO	1	org.l2jdevs.util.data.xml.IXmlReader	OptionData: Loaded: 24985 Options.
2025.03.22 19:44:40,676	INFO	1	org.l2jdevs.util.data.xml.IXmlReader	EnchantItemHPBonusData: Loaded 6 Enchant HP Bonuses.
2025.03.22 19:44:40,679	INFO	1	org.l2jdevs.gameserver.datatables.MerchantPriceConfigTable	MerchantPriceConfigTable: Loaded 28 merchant price configs.
2025.03.22 19:44:41,677	WARNING	1	org.l2jdevs.util.data.xml.IXmlReader	BuyListData: Folder Z:\L2 Another Server\game\data\buylists\custom doesn't exist!
2025.03.22 19:44:41,678	INFO	1	org.l2jdevs.util.data.xml.IXmlReader	BuyListData: Loaded 760 BuyLists.
2025.03.22 19:44:42,003	WARNING	1	org.l2jdevs.util.data.xml.IXmlReader	MultisellData: Folder Z:\L2 Another Server\game\data\multisell\custom doesn't exist!
2025.03.22 19:44:42,010	INFO	1	org.l2jdevs.util.data.xml.IXmlReader	MultisellData: Loaded 194 multisell lists.
2025.03.22 19:44:42,040	INFO	1	org.l2jdevs.util.data.xml.IXmlReader	RecipeData: Loaded 1000 recipes.
2025.03.22 19:44:42,082	WARNING	1	org.l2jdevs.util.data.xml.IXmlReader	ArmorSetsData: Could not parse file special.xml at line 129, column 19
2025.03.22 19:44:42,088	INFO	1	org.l2jdevs.util.data.xml.IXmlReader	ArmorSetsData: Loaded 197 Armor sets.
2025.03.22 19:44:42,099	INFO	1	org.l2jdevs.util.data.xml.IXmlReader	FishData: Loaded 278 Fish.
2025.03.22 19:44:42,102	INFO	1	org.l2jdevs.util.data.xml.IXmlReader	FishingMonstersData: Loaded 8 Fishing Monsters.
2025.03.22 19:44:42,105	INFO	1	org.l2jdevs.util.data.xml.IXmlReader	FishingRodsData: Loaded 6 Fishing Rods.
2025.03.22 19:44:42,136	INFO	1	org.l2jdevs.util.data.xml.IXmlReader	HennaData: Loaded 180 Henna data.
2025.03.22 19:44:42,136	INFO	1	org.l2jdevs.gameserver.GameServer	----------------------------------------------=[ Characters ]
2025.03.22 19:44:42,141	INFO	1	org.l2jdevs.util.data.xml.IXmlReader	ClassListData: Loaded 107 Class data.
2025.03.22 19:44:42,145	INFO	1	org.l2jdevs.util.data.xml.IXmlReader	InitialEquipmentData: Loaded 11 Initial Equipment data.
2025.03.22 19:44:42,149	INFO	1	org.l2jdevs.util.data.xml.IXmlReader	InitialShortcutData: Loaded 5 Initial Global Shortcuts data.
2025.03.22 19:44:42,150	INFO	1	org.l2jdevs.util.data.xml.IXmlReader	InitialShortcutData: Loaded 4 Initial Shortcuts data.
2025.03.22 19:44:42,150	INFO	1	org.l2jdevs.util.data.xml.IXmlReader	InitialShortcutData: Loaded 0 Macros presets.
2025.03.22 19:44:42,181	INFO	1	org.l2jdevs.util.data.xml.IXmlReader	KarmaData: Loaded 85 karma modifiers.
2025.03.22 19:44:42,184	INFO	1	org.l2jdevs.util.data.xml.IXmlReader	HitConditionBonusData: Loaded Hit Condition bonuses.
2025.03.22 19:44:42,513	INFO	1	org.l2jdevs.util.data.xml.IXmlReader	PlayerTemplateData: Loaded 103 character templates.
2025.03.22 19:44:42,513	INFO	1	org.l2jdevs.util.data.xml.IXmlReader	PlayerTemplateData: Loaded 52530 level up gain records.
2025.03.22 19:44:42,519	INFO	1	org.l2jdevs.util.data.xml.IXmlReader	PlayerCreationPointData: Loaded 62 character creation points.
2025.03.22 19:44:42,521	INFO	1	org.l2jdevs.gameserver.data.sql.impl.CharNameTable	CharNameTable: Loaded 1 char names.
2025.03.22 19:44:42,525	INFO	1	org.l2jdevs.util.data.xml.IXmlReader	AdminData: Loaded: 10 Access Levels.
2025.03.22 19:44:42,529	INFO	1	org.l2jdevs.util.data.xml.IXmlReader	AdminData: Loaded: 444 Access Commands.
2025.03.22 19:44:42,531	INFO	1	org.l2jdevs.gameserver.instancemanager.RaidBossPointsManager	RaidBossPointsManager: Loaded 0 Character Raid Points.
2025.03.22 19:44:42,866	INFO	1	org.l2jdevs.util.data.xml.IXmlReader	PetDataTable: Loaded 52 Pets.
2025.03.22 19:44:42,889	INFO	1	org.l2jdevs.gameserver.GameServer	-----------------------------------------------=[ Languages ]
2025.03.22 19:44:42,893	INFO	1	org.l2jdevs.gameserver.datatables.LanguageData	Loaded language file: EN with 204 messages.
2025.03.22 19:44:42,895	INFO	1	org.l2jdevs.gameserver.datatables.LanguageData	Loaded language file: ES with 204 messages.
2025.03.22 19:44:42,897	INFO	1	org.l2jdevs.gameserver.datatables.LanguageData	Loaded language file: RU with 204 messages.
2025.03.22 19:44:42,898	INFO	1	org.l2jdevs.gameserver.datatables.LanguageData	LanguageData: Loaded 3 languages.
2025.03.22 19:44:42,899	INFO	1	org.l2jdevs.gameserver.GameServer	---------------------------------------------------=[ Clans ]
2025.03.22 19:44:42,913	INFO	1	org.l2jdevs.gameserver.communitybbs.Manager.ForumsBBSManager	Loaded 4 forums. Last forum id used: 4
2025.03.22 19:44:42,914	INFO	1	org.l2jdevs.gameserver.data.sql.impl.ClanTable	ClanTable: Restored 0 clans from the database.
2025.03.22 19:44:42,922	INFO	1	org.l2jdevs.gameserver.instancemanager.CHSiegeManager	CHSiegeManager: Loaded 6 conquerable clan halls.
2025.03.22 19:44:42,980	INFO	1	org.l2jdevs.gameserver.instancemanager.AuctionManager	AuctionManager: Loaded: 38 auction(s)
2025.03.22 19:44:42,982	INFO	1	org.l2jdevs.gameserver.instancemanager.ClanHallManager	ClanHallManager: Loaded: 0 clan halls
2025.03.22 19:44:42,983	INFO	1	org.l2jdevs.gameserver.instancemanager.ClanHallManager	ClanHallManager: Loaded: 38 free clan halls
2025.03.22 19:44:42,984	INFO	1	org.l2jdevs.gameserver.GameServer	-------------------------------------------------=[ Geodata ]
2025.03.22 19:44:43,037	INFO	1	org.l2jdevs.gameserver.GeoData	GeoData: Loaded 0 regions.
2025.03.22 19:44:43,037	INFO	1	org.l2jdevs.gameserver.GameServer	----------------------------------------------------=[ NPCs ]
2025.03.22 19:44:43,043	INFO	1	org.l2jdevs.util.data.xml.IXmlReader	SkillLearnData: Loaded 256 Skill Learn data.
2025.03.22 19:44:43,052	INFO	1	org.l2jdevs.util.data.xml.IXmlReader	MinionData: Loaded 128 minions data.
2025.03.22 19:44:45,036	INFO	1	org.l2jdevs.util.data.xml.IXmlReader	NpcData: Loaded 10461 NPCs.
2025.03.22 19:44:45,040	INFO	1	org.l2jdevs.util.data.xml.IXmlReader	NpcData: Loaded 11 custom NPCs.
2025.03.22 19:44:45,177	INFO	1	org.l2jdevs.util.data.xml.IXmlReader	WalkingManager: Loaded 123 walking routes.
2025.03.22 19:44:45,192	INFO	1	org.l2jdevs.util.data.xml.IXmlReader	StaticObjectData: Loaded 51 static object templates.
2025.03.22 19:44:45,323	INFO	1	org.l2jdevs.gameserver.instancemanager.GrandBossManager	GrandBossManager: Queen Ant(29001) status is 0.
2025.03.22 19:44:45,324	INFO	1	org.l2jdevs.gameserver.instancemanager.GrandBossManager	GrandBossManager: Core(29006) status is 0.
2025.03.22 19:44:45,327	INFO	1	org.l2jdevs.gameserver.instancemanager.GrandBossManager	GrandBossManager: Orfen(29014) status is 0.
2025.03.22 19:44:45,328	INFO	1	org.l2jdevs.gameserver.instancemanager.GrandBossManager	GrandBossManager: Baium(29020) status is 0.
2025.03.22 19:44:45,329	INFO	1	org.l2jdevs.gameserver.instancemanager.GrandBossManager	GrandBossManager: Valakas(29028) status is 0.
2025.03.22 19:44:45,330	INFO	1	org.l2jdevs.gameserver.instancemanager.GrandBossManager	GrandBossManager: Antharas(29068) status is 0.
2025.03.22 19:44:45,330	INFO	1	org.l2jdevs.gameserver.instancemanager.GrandBossManager	GrandBossManager: Beleth(29118) status is 0.
2025.03.22 19:44:45,331	INFO	1	org.l2jdevs.gameserver.instancemanager.GrandBossManager	GrandBossManager: Loaded 7 Instances
2025.03.22 19:44:45,716	INFO	1	org.l2jdevs.util.data.xml.IXmlReader	DoorData: Loaded 1301 Door templates for 22 regions.
2025.03.22 19:44:47,508	INFO	1	org.l2jdevs.util.data.xml.IXmlReader	ZoneManager: Loaded 28 zone classes and 2795 zones.
2025.03.22 19:44:47,508	INFO	1	org.l2jdevs.util.data.xml.IXmlReader	ZoneManager: Loaded 0 NPC spawn territoriers.
2025.03.22 19:44:47,525	INFO	1	org.l2jdevs.gameserver.instancemanager.CastleManager	CastleManager: Loaded: 9 castles
2025.03.22 19:44:47,531	INFO	1	org.l2jdevs.gameserver.data.sql.impl.NpcBufferTable	NpcBufferTable: Loaded 2 buffers and 64 skills.
2025.03.22 19:44:47,532	INFO	1	org.l2jdevs.gameserver.instancemanager.GrandBossManager	GrandBossManager: Initialized 12 Grand Boss Zones
2025.03.22 19:44:47,534	INFO	1	org.l2jdevs.gameserver.GameServer	-----------------------------------------=[ Auction Manager ]
2025.03.22 19:44:47,548	INFO	1	org.l2jdevs.gameserver.model.itemauction.ItemAuctionInstance	Loaded 82 item(s) and registered 2 auction(s) for NPC ID 32320.
2025.03.22 19:44:47,550	INFO	1	org.l2jdevs.gameserver.model.itemauction.ItemAuctionInstance	Schedule next auction ID 6 on 17:00:00 28.03.25 for NPC ID 32320.
2025.03.22 19:44:47,554	INFO	1	org.l2jdevs.gameserver.model.itemauction.ItemAuctionInstance	Loaded 82 item(s) and registered 2 auction(s) for NPC ID 32321.
2025.03.22 19:44:47,555	INFO	1	org.l2jdevs.gameserver.model.itemauction.ItemAuctionInstance	Schedule next auction ID 4 on 17:00:00 24.03.25 for NPC ID 32321.
2025.03.22 19:44:47,559	INFO	1	org.l2jdevs.gameserver.model.itemauction.ItemAuctionInstance	Loaded 82 item(s) and registered 2 auction(s) for NPC ID 32322.
2025.03.22 19:44:47,560	INFO	1	org.l2jdevs.gameserver.model.itemauction.ItemAuctionInstance	Schedule next auction ID 5 on 17:00:00 26.03.25 for NPC ID 32322.
2025.03.22 19:44:47,560	INFO	1	org.l2jdevs.gameserver.instancemanager.ItemAuctionManager	Loaded 3 auction manager instance(s).
2025.03.22 19:44:47,563	INFO	1	org.l2jdevs.gameserver.GameServer	------------------------------------------------=[ Olympiad ]
2025.03.22 19:44:47,572	INFO	1	org.l2jdevs.gameserver.model.olympiad.Olympiad	Olympiad System: Loading Olympiad System....
2025.03.22 19:44:47,572	INFO	1	org.l2jdevs.gameserver.model.olympiad.Olympiad	Olympiad System: Currently in Olympiad Period
2025.03.22 19:44:47,574	INFO	1	org.l2jdevs.gameserver.model.olympiad.Olympiad	Olympiad System: 13935 minutes until period ends
2025.03.22 19:44:47,574	INFO	1	org.l2jdevs.gameserver.model.olympiad.Olympiad	Olympiad System: Next weekly change is in 104 minutes
2025.03.22 19:44:47,576	INFO	1	org.l2jdevs.gameserver.model.olympiad.Olympiad	Olympiad System: Loaded 0 Nobles
2025.03.22 19:44:47,578	INFO	1	org.l2jdevs.gameserver.model.olympiad.Olympiad	Olympiad System: Competition Period Starts in 0 days, 0 hours and 0 mins.
2025.03.22 19:44:47,582	INFO	1	org.l2jdevs.gameserver.model.olympiad.Olympiad	Olympiad System: Event starts/started : Sat Mar 22 18:00:47 CLST 2025
2025.03.22 19:44:47,585	INFO	1	org.l2jdevs.gameserver.model.entity.Hero	Hero System: Loaded 0 Heroes.
2025.03.22 19:44:47,586	INFO	1	org.l2jdevs.gameserver.model.entity.Hero	Hero System: Loaded 0 all time Heroes.
2025.03.22 19:44:47,586	INFO	1	org.l2jdevs.gameserver.GameServer	---------------------------------------------=[ Seven Signs ]
2025.03.22 19:44:47,589	INFO	1	org.l2jdevs.gameserver.SevenSigns	SevenSigns: Currently in the Seal Validation period.
2025.03.22 19:44:47,590	INFO	1	org.l2jdevs.gameserver.SevenSigns	SevenSigns: The Seal of Avarice remains unclaimed.
2025.03.22 19:44:47,592	INFO	1	org.l2jdevs.gameserver.SevenSigns	SevenSigns: The Seal of Gnosis remains unclaimed.
2025.03.22 19:44:47,593	INFO	1	org.l2jdevs.gameserver.SevenSigns	SevenSigns: The Seal of Strife remains unclaimed.
2025.03.22 19:44:47,593	INFO	1	org.l2jdevs.gameserver.SevenSigns	SevenSigns: The competition ended with a tie last week.
2025.03.22 19:44:47,594	INFO	1	org.l2jdevs.gameserver.SevenSigns	SevenSigns: Next period change set to Mon Mar 24 18:00:47 CLST 2025.
2025.03.22 19:44:47,595	INFO	1	org.l2jdevs.gameserver.SevenSigns	SevenSigns: Next period begins in 1 days, 22 hours and 15 mins.
2025.03.22 19:44:47,595	INFO	1	org.l2jdevs.gameserver.GameServer	---------------------------------------------------=[ Cache ]
2025.03.22 19:44:47,596	INFO	1	org.l2jdevs.gameserver.cache.HtmCache	Cache[HTML]: Running lazy cache
2025.03.22 19:44:47,601	INFO	1	org.l2jdevs.gameserver.data.sql.impl.CrestTable	CrestTable: Loaded 0 Crests.
2025.03.22 19:44:47,609	INFO	1	org.l2jdevs.gameserver.data.sql.impl.TeleportLocationTable	TeleportLocationTable: Loaded 1139 Teleport Location Templates.
2025.03.22 19:44:47,615	INFO	1	org.l2jdevs.gameserver.data.sql.impl.TeleportLocationTable	TeleportLocationTable: Loaded 149 Custom Teleport Location Templates.
2025.03.22 19:44:47,621	INFO	1	org.l2jdevs.util.data.xml.IXmlReader	UIData: Loaded 4 keys 5 categories.
2025.03.22 19:44:47,677	INFO	45	org.l2jdevs.gameserver.model.olympiad.Olympiad	Olympiad System: Olympiad Game Started
2025.03.22 19:44:47,682	INFO	45	org.l2jdevs.gameserver.model.olympiad.OlympiadGameManager	Olympiad System: Loaded 160 stadiums.
2025.03.22 19:44:47,688	INFO	1	org.l2jdevs.gameserver.datatables.AugmentationData	AugmentationData: Loaded: 33960 augmentations.
2025.03.22 19:44:47,689	INFO	1	org.l2jdevs.gameserver.datatables.AugmentationData	AugmentationData: Loaded: 2754 accessory augmentations.
2025.03.22 19:44:47,696	INFO	1	org.l2jdevs.gameserver.instancemanager.CursedWeaponsManager	CursedWeaponsManager: Loaded : 2 cursed weapon(s).
2025.03.22 19:44:47,974	INFO	1	org.l2jdevs.util.data.xml.IXmlReader	TransformData: Loaded: 111 transform templates.
2025.03.22 19:44:47,981	INFO	1	org.l2jdevs.gameserver.datatables.BotReportTable	BotReportTable: Loaded 0 bot reports
2025.03.22 19:44:47,982	INFO	1	org.l2jdevs.gameserver.GameServer	-------------------------------------------------=[ Scripts ]
2025.03.22 19:44:47,990	INFO	1	org.l2jdevs.gameserver.instancemanager.AirShipManager	AirShipManager: Loaded 0 private airships
2025.03.22 19:44:57,489	INFO	1	org.l2jdevs.gameserver.model.entity.clanhall.ClanHallSiegeEngine	Beast Farm siege scheduled for Sat Mar 29 12:00:00 CLST 2025.
2025.03.22 19:44:57,513	INFO	1	org.l2jdevs.gameserver.model.entity.clanhall.ClanHallSiegeEngine	Bandit StrongHold siege scheduled for Sat Mar 29 12:00:00 CLST 2025.
2025.03.22 19:44:57,537	INFO	1	quests.TerritoryWarScripts.TerritoryWarSuperClass	TerritoryWarSuperClass: Siege date: Sun Mar 23 22:00:00 CLST 2025
2025.03.22 19:44:57,553	INFO	1	handlers.EffectMasterHandler	EffectMasterHandler: Loaded 161 effect handlers.
2025.03.22 19:44:57,585	INFO	1	org.l2jdevs.gameserver.model.events.AbstractScript	Fantasy Isle: Parade starting at 2025/03/22 21:20 and is scheduled each next 1 hours.
2025.03.22 19:44:57,586	INFO	1	org.l2jdevs.gameserver.model.entity.clanhall.ClanHallSiegeEngine	Fortress of Resistance siege scheduled for Sat Mar 29 12:00:00 CLST 2025.
2025.03.22 19:44:57,598	INFO	1	hellbound.HellboundLoader	HellboundLoader: Loading Hellbound related scripts:
2025.03.22 19:44:57,600	INFO	1	org.l2jdevs.util.data.xml.IXmlReader	HellboundPointData: Loaded 47 trust point reward data.
2025.03.22 19:44:57,614	INFO	1	org.l2jdevs.util.data.xml.IXmlReader	HellboundSpawns: Loaded 598 Hellbound spawns.
2025.03.22 19:44:57,616	INFO	1	org.l2jdevs.gameserver.model.events.AbstractScript	HellboundEngine: Level: 0
2025.03.22 19:44:57,617	INFO	1	org.l2jdevs.gameserver.model.events.AbstractScript	HellboundEngine: Trust: 0
2025.03.22 19:44:57,618	INFO	1	org.l2jdevs.gameserver.model.events.AbstractScript	HellboundEngine: Status: locked.
2025.03.22 19:44:57,671	INFO	1	org.l2jdevs.gameserver.instancemanager.RaidBossSpawnManager	RaidBossSpawnManager: Loaded 187 Instances
2025.03.22 19:44:57,671	INFO	1	org.l2jdevs.gameserver.instancemanager.RaidBossSpawnManager	RaidBossSpawnManager: Scheduled 0 Instances
2025.03.22 19:44:57,817	INFO	1	org.l2jdevs.gameserver.model.events.AbstractScript	[EnhanceYourWeapon] Loaded 54 Soul Crystal data.
2025.03.22 19:44:57,818	INFO	1	org.l2jdevs.gameserver.model.events.AbstractScript	[EnhanceYourWeapon] Loaded 240 npc Leveling info data.
2025.03.22 19:44:57,876	INFO	1	gracia.GraciaLoader	GraciaLoader: Loading Gracia related scripts.
2025.03.22 19:44:57,912	INFO	1	-	-----------------------------------=[ [L2JDevs] Mods Engine ]
2025.03.22 19:44:57,912	INFO	1	ModsManager	Starting the Mod Engine.
2025.03.22 19:44:57,915	INFO	1	ModsManager	Creating structure.
2025.03.22 19:44:57,923	INFO	1	ModSqlTable	Database successfully loaded!
2025.03.22 19:44:57,926	INFO	1	GrandFatherMod	Admin engine commands loaded!
2025.03.22 19:44:57,933	INFO	1	ModsLoader	-> The mod TemplateMod is disabled.
2025.03.22 19:44:57,933	INFO	1	GrandFatherMod	Grand Father Mod working!
2025.03.22 19:44:57,936	INFO	1	ModsManager	Mods Engine successfully loaded!
2025.03.22 19:44:57,936	INFO	1	-	-----------------------------------=[ [L2JDevs] Mods Engine ]
2025.03.22 19:44:57,944	INFO	1	org.l2jdevs.gameserver.model.entity.clanhall.ClanHallSiegeEngine	Rainbow Springs siege scheduled for Sat Mar 29 12:00:00 CLST 2025.
2025.03.22 19:44:57,980	INFO	1	handlers.MasterHandler	Loading Handlers...
2025.03.22 19:44:57,981	INFO	1	handlers.MasterHandler	VoicedCommandHandler: Loaded 5 handlers.
2025.03.22 19:44:57,983	INFO	1	handlers.MasterHandler	ActionHandler: Loaded 10 handlers.
2025.03.22 19:44:57,985	INFO	1	handlers.MasterHandler	ActionShiftHandler: Loaded 6 handlers.
2025.03.22 19:44:57,999	INFO	1	handlers.MasterHandler	AdminCommandHandler: Loaded 454 handlers.
2025.03.22 19:44:58,005	INFO	1	handlers.MasterHandler	BypassHandler: Loaded 48 handlers.
2025.03.22 19:44:58,007	INFO	1	handlers.MasterHandler	ChatHandler: Loaded 14 handlers.
2025.03.22 19:44:58,009	INFO	1	handlers.MasterHandler	CommunityBoardHandler: Loaded 15 handlers.
2025.03.22 19:44:58,014	INFO	1	handlers.MasterHandler	ItemHandler: Loaded 31 handlers.
2025.03.22 19:44:58,015	INFO	1	handlers.MasterHandler	PunishmentHandler: Loaded 3 handlers.
2025.03.22 19:44:58,017	INFO	1	handlers.MasterHandler	UserCommandHandler: Loaded 17 handlers.
2025.03.22 19:44:58,020	INFO	1	handlers.MasterHandler	TargetHandler: Loaded 37 handlers.
2025.03.22 19:44:58,022	INFO	1	handlers.MasterHandler	TelnetHandler: Loaded 20 handlers.
2025.03.22 19:44:58,022	INFO	1	handlers.MasterHandler	Handlers Loaded...
2025.03.22 19:44:58,028	INFO	1	org.l2jdevs.gameserver.model.entity.clanhall.ClanHallSiegeEngine	Fortresss of the Dead siege scheduled for Sat Mar 29 12:00:00 CLST 2025.
2025.03.22 19:44:58,032	INFO	1	org.l2jdevs.gameserver.model.entity.clanhall.ClanHallSiegeEngine	Devastated Castle siege scheduled for Sat Mar 29 12:00:00 CLST 2025.
2025.03.22 19:44:58,050	INFO	1	org.l2jdevs.gameserver.model.events.AbstractScript	Handy's Block Checker Event is enabled
2025.03.22 19:44:58,059	INFO	1	instances.InstanceLoader	InstanceLoader: Loading Instances scripts.
2025.03.22 19:44:58,089	INFO	1	org.l2jdevs.util.data.xml.IXmlReader	NpcBuffersData: Loaded: 33 buffers data.
2025.03.22 19:44:59,405	INFO	1	org.l2jdevs.util.data.xml.IXmlReader	SpawnTable: Loaded 3765 npc spawns.
2025.03.22 19:44:59,411	INFO	1	org.l2jdevs.util.data.xml.IXmlReader	SpawnTable: Loaded 1 custom npc spawns.
2025.03.22 19:44:59,497	INFO	1	org.l2jdevs.util.data.xml.IXmlReader	SpawnTable: Loaded 1190 npc spawns from XML.
2025.03.22 19:44:59,500	INFO	1	org.l2jdevs.gameserver.instancemanager.DayNightSpawnManager	DayNightSpawnManager: Removed 0 night creatures
2025.03.22 19:44:59,505	INFO	1	org.l2jdevs.gameserver.instancemanager.DayNightSpawnManager	DayNightSpawnManager: Spawned 232 day creatures
2025.03.22 19:44:59,509	INFO	1	org.l2jdevs.gameserver.instancemanager.FourSepulchersManager	FourSepulchersManager: loaded 20 Mysterious-Box spawns.
2025.03.22 19:44:59,532	INFO	1	org.l2jdevs.gameserver.instancemanager.FourSepulchersManager	FourSepulchersManager: loaded 716 Physical type monsters spawns.
2025.03.22 19:44:59,561	INFO	1	org.l2jdevs.gameserver.instancemanager.FourSepulchersManager	FourSepulchersManager: loaded 716 Magical type monsters spawns.
2025.03.22 19:44:59,568	INFO	1	org.l2jdevs.gameserver.instancemanager.FourSepulchersManager	FourSepulchersManager: loaded 92 Church of duke monsters spawns.
2025.03.22 19:44:59,576	INFO	1	org.l2jdevs.gameserver.instancemanager.FourSepulchersManager	FourSepulchersManager: loaded 68 Emperor's grave NPC spawns.
2025.03.22 19:44:59,577	INFO	1	org.l2jdevs.gameserver.instancemanager.FourSepulchersManager	FourSepulchersManager: spawned Conquerors' Sepulcher Manager
2025.03.22 19:44:59,579	INFO	1	org.l2jdevs.gameserver.instancemanager.FourSepulchersManager	FourSepulchersManager: spawned Emperors' Sepulcher Manager
2025.03.22 19:44:59,580	INFO	1	org.l2jdevs.gameserver.instancemanager.FourSepulchersManager	FourSepulchersManager: spawned Great Sages' Sepulcher Manager
2025.03.22 19:44:59,581	INFO	1	org.l2jdevs.gameserver.instancemanager.FourSepulchersManager	FourSepulchersManager: spawned Judges' Sepulcher Manager
2025.03.22 19:44:59,582	INFO	1	org.l2jdevs.gameserver.instancemanager.FourSepulchersManager	FourSepulchersManager: Beginning in Attack time
2025.03.22 19:44:59,586	INFO	1	org.l2jdevs.gameserver.instancemanager.DimensionalRiftManager	DimensionalRiftManager: Loaded 7 room types with 56 rooms.
2025.03.22 19:44:59,590	INFO	1	org.l2jdevs.gameserver.instancemanager.DimensionalRiftManager	DimensionalRiftManager: Loaded 462 dimensional rift spawns, 0 errors.
2025.03.22 19:44:59,592	INFO	1	org.l2jdevs.gameserver.GameServer	---------------------------------------------------=[ Siege ]
2025.03.22 19:44:59,602	INFO	1	org.l2jdevs.gameserver.model.entity.Siege	Siege of Gludio: Sun Mar 23 16:00:00 CLST 2025
2025.03.22 19:44:59,604	INFO	1	org.l2jdevs.gameserver.model.entity.Siege	Siege of Dion: Sun Mar 23 16:00:00 CLST 2025
2025.03.22 19:44:59,605	INFO	1	org.l2jdevs.gameserver.model.entity.Siege	Siege of Giran: Sun Mar 23 16:00:00 CLST 2025
2025.03.22 19:44:59,607	INFO	1	org.l2jdevs.gameserver.model.entity.Siege	Siege of Oren: Sun Mar 23 16:00:00 CLST 2025
2025.03.22 19:44:59,609	INFO	1	org.l2jdevs.gameserver.model.entity.Siege	Siege of Aden: Sun Mar 23 16:00:00 CLST 2025
2025.03.22 19:44:59,610	INFO	1	org.l2jdevs.gameserver.model.entity.Siege	Siege of Innadril: Sun Mar 23 20:00:00 CLST 2025
2025.03.22 19:44:59,612	INFO	1	org.l2jdevs.gameserver.model.entity.Siege	Siege of Goddard: Sun Mar 23 20:00:00 CLST 2025
2025.03.22 19:44:59,614	INFO	1	org.l2jdevs.gameserver.model.entity.Siege	Siege of Rune: Sun Mar 23 20:00:00 CLST 2025
2025.03.22 19:44:59,616	INFO	1	org.l2jdevs.gameserver.model.entity.Siege	Siege of Schuttgart: Sun Mar 23 20:00:00 CLST 2025
2025.03.22 19:44:59,751	INFO	1	org.l2jdevs.gameserver.instancemanager.FortManager	FortManager: Loaded: 21 fortress
2025.03.22 19:44:59,849	INFO	1	org.l2jdevs.util.data.xml.IXmlReader	SiegeScheduleData: Loaded: 2 siege schedulers.
2025.03.22 19:44:59,858	INFO	1	org.l2jdevs.util.data.xml.IXmlReader	CastleManorManager: Loaded 258 seeds.
2025.03.22 19:44:59,866	INFO	1	org.l2jdevs.util.data.xml.IXmlReader	CastleManorManager: Manor data loaded.
2025.03.22 19:44:59,868	INFO	1	org.l2jdevs.gameserver.instancemanager.MercTicketManager	MercTicketManager: Loaded: 0 Mercenary Tickets
2025.03.22 19:44:59,869	INFO	1	org.l2jdevs.gameserver.instancemanager.QuestManager	QuestManager: Loaded: 522 quests.
2025.03.22 19:44:59,869	INFO	1	org.l2jdevs.gameserver.instancemanager.QuestManager	QuestManager: Loaded: 277 scripts.
2025.03.22 19:44:59,917	INFO	1	org.l2jdevs.gameserver.SevenSignsFestival	SevenSignsFestival: Initialization bypassed due to Seal Validation in effect.
2025.03.22 19:44:59,923	INFO	1	org.l2jdevs.gameserver.script.faenor.FaenorEventParser	Event ID: (Valentines Event) has passed... Ignored.
2025.03.22 19:44:59,924	INFO	1	org.l2jdevs.gameserver.script.faenor.FaenorScriptEngine	FaenorScriptEngine: Loaded  Valentines.xml successfully.
2025.03.22 19:44:59,925	INFO	1	org.l2jdevs.gameserver.GameServer	AutoSpawnHandler: Loaded 129 handlers in total.
2025.03.22 19:44:59,936	INFO	1	org.l2jdevs.gameserver.taskmanager.TaskManager	TaskManager: Loaded: 13 Tasks
2025.03.22 19:44:59,938	INFO	1	org.l2jdevs.gameserver.instancemanager.MailManager	MailManager: Successfully loaded 0 messages.
2025.03.22 19:44:59,941	INFO	1	org.l2jdevs.gameserver.instancemanager.PunishmentManager	PunishmentManager: Loaded 0 active and 0 expired punishments.
2025.03.22 19:44:59,942	INFO	1	org.l2jdevs.gameserver.GameServer	IdFactory: Free ObjectID's remaining: 1879002849
2025.03.22 19:44:59,943	INFO	1	org.l2jdevs.gameserver.model.entity.TvTManager	TvTEventEngine[TvTManager.TvTManager()]: Engine is disabled.
2025.03.22 19:44:59,946	INFO	1	org.l2jdevs.gameserver.data.sql.impl.OfflineTradersTable	OfflineTradersTable: Loading offline traders...
2025.03.22 19:44:59,948	INFO	1	org.l2jdevs.gameserver.data.sql.impl.OfflineTradersTable	OfflineTradersTable: Loaded: 0 offline trader(s)
2025.03.22 19:45:00,186	INFO	1	org.l2jdevs.gameserver.GameServer	GameServer: Started, free memory 1594 Mb of 2048 Mb
2025.03.22 19:45:00,224	INFO	89	org.l2jdevs.gameserver.LoginServerThread	Connecting to login on 127.0.0.1:9014
2025.03.22 19:45:00,269	INFO	89	org.l2jdevs.gameserver.LoginServerThread	Registered on login as Server 1: Bartz
2025.03.22 19:45:00,315	INFO	1	org.l2jdevs.gameserver.GameServer	GameServer: is now listening on: *:7777
2025.03.22 19:45:00,315	INFO	1	org.l2jdevs.gameserver.GameServer	GameServer: Maximum numbers of connected players: 500
2025.03.22 19:45:00,317	INFO	1	org.l2jdevs.gameserver.GameServer	GameServer: Server loaded in 27 seconds.
2025.03.22 19:45:00,319	INFO	1	org.l2jdevs.gameserver.GameServer	----------------------------------------------------=[ UPnP ]
2025.03.22 19:45:00,321	INFO	1	org.l2jdevs.UPnPService	Looking for UPnP Gateway Devices...
2025.03.22 19:45:00,761	INFO	1	org.l2jdevs.UPnPService	Using UPnP gateway: S7
2025.03.22 19:45:00,856	INFO	1	org.l2jdevs.UPnPService	Using local address: 192.168.68.107 External address: 192.168.100.242
2025.03.22 19:45:00,935	INFO	1	org.l2jdevs.UPnPService	Mapping successful on 192.168.68.107:7777
2025.03.22 19:45:00,935	INFO	1	org.l2jdevs.gameserver.GameServer	GameServer: Telnet server is currently disabled.
2025.03.22 19:45:11,522	INFO	57	org.l2jdevs.gameserver.model.actor.instance.L2PcInstance	Master access level set for character GOD.
2025.03.22 19:45:11,527	SEVERE	57	org.l2jdevs.gameserver.model.items.instance.L2ItemInstance	Item item_id=57003 not known, object_id=268480772
2025.03.22 19:45:11,527	SEVERE	57	org.l2jdevs.gameserver.model.items.instance.L2ItemInstance	Item item_id=57001 not known, object_id=268480770
2025.03.22 19:45:11,528	SEVERE	57	org.l2jdevs.gameserver.model.items.instance.L2ItemInstance	Item item_id=57005 not known, object_id=268480774
2025.03.22 19:45:11,528	SEVERE	57	org.l2jdevs.gameserver.model.items.instance.L2ItemInstance	Item item_id=57002 not known, object_id=268480771
2025.03.22 19:45:11,529	SEVERE	57	org.l2jdevs.gameserver.model.items.instance.L2ItemInstance	Item item_id=57004 not known, object_id=268480773
2025.03.22 19:45:11,547	SEVERE	57	org.l2jdevs.gameserver.model.items.instance.L2ItemInstance	Item item_id=26908 not known, object_id=268481090
2025.03.22 19:45:11,551	SEVERE	57	org.l2jdevs.gameserver.model.items.instance.L2ItemInstance	Item item_id=26907 not known, object_id=268481089
2025.03.22 19:53:19,932	INFO	48	org.l2jdevs.gameserver.instancemanager.GlobalVariablesManager	GlobalVariablesManager: Stored 6 variables.
2025.03.22 19:59:59,916	INFO	43	org.l2jdevs.gameserver.taskmanager.tasks.TaskOlympiadSave	Olympiad System: Data updated.
2025.03.22 20:00:00,010	INFO	22	org.l2jdevs.gameserver.instancemanager.DayNightSpawnManager	DayNightSpawnManager: Removed 232 day creatures
2025.03.22 20:00:00,010	INFO	22	org.l2jdevs.gameserver.instancemanager.DayNightSpawnManager	DayNightSpawnManager: Spawned 553 night creatures
2025.03.22 20:13:43,241	INFO	62	org.l2jdevs.gameserver.model.actor.instance.L2PcInstance	Master access level set for character GOD.
2025.03.22 20:13:43,243	SEVERE	62	org.l2jdevs.gameserver.model.items.instance.L2ItemInstance	Item item_id=57003 not known, object_id=268480772
2025.03.22 20:13:43,243	SEVERE	62	org.l2jdevs.gameserver.model.items.instance.L2ItemInstance	Item item_id=57004 not known, object_id=268480773
2025.03.22 20:13:43,246	SEVERE	62	org.l2jdevs.gameserver.model.items.instance.L2ItemInstance	Item item_id=57001 not known, object_id=268480770
2025.03.22 20:13:43,246	SEVERE	62	org.l2jdevs.gameserver.model.items.instance.L2ItemInstance	Item item_id=57002 not known, object_id=268480771
2025.03.22 20:13:43,247	SEVERE	62	org.l2jdevs.gameserver.model.items.instance.L2ItemInstance	Item item_id=57005 not known, object_id=268480774
2025.03.22 20:13:43,257	SEVERE	62	org.l2jdevs.gameserver.model.items.instance.L2ItemInstance	Item item_id=26908 not known, object_id=268481090
2025.03.22 20:13:43,259	SEVERE	62	org.l2jdevs.gameserver.model.items.instance.L2ItemInstance	Item item_id=26907 not known, object_id=268481089
2025.03.22 20:13:44,223	SEVERE	91	org.l2jdevs.gameserver.network.L2GameClient	Client [Character: GOD[268480685] - Account: makusanagi - IP: 127.0.0.1] - Disconnected: Too many unknown packets.
2025.03.22 20:13:52,702	INFO	57	org.l2jdevs.gameserver.model.actor.instance.L2PcInstance	Master access level set for character GOD.
2025.03.22 20:13:52,704	SEVERE	57	org.l2jdevs.gameserver.model.items.instance.L2ItemInstance	Item item_id=57001 not known, object_id=268480770
2025.03.22 20:13:52,704	SEVERE	57	org.l2jdevs.gameserver.model.items.instance.L2ItemInstance	Item item_id=57002 not known, object_id=268480771
2025.03.22 20:13:52,706	SEVERE	57	org.l2jdevs.gameserver.model.items.instance.L2ItemInstance	Item item_id=57003 not known, object_id=268480772
2025.03.22 20:13:52,706	SEVERE	57	org.l2jdevs.gameserver.model.items.instance.L2ItemInstance	Item item_id=57004 not known, object_id=268480773
2025.03.22 20:13:52,707	SEVERE	57	org.l2jdevs.gameserver.model.items.instance.L2ItemInstance	Item item_id=57005 not known, object_id=268480774
2025.03.22 20:13:52,722	SEVERE	57	org.l2jdevs.gameserver.model.items.instance.L2ItemInstance	Item item_id=26908 not known, object_id=268481090
2025.03.22 20:13:52,722	SEVERE	57	org.l2jdevs.gameserver.model.items.instance.L2ItemInstance	Item item_id=26907 not known, object_id=268481089
2025.03.22 20:14:59,898	INFO	46	org.l2jdevs.gameserver.taskmanager.tasks.TaskSevenSignsUpdate	SevenSigns: Data updated successfully.
2025.03.22 20:23:19,882	INFO	42	org.l2jdevs.gameserver.instancemanager.GlobalVariablesManager	GlobalVariablesManager: Stored 6 variables.
2025.03.22 20:29:59,888	INFO	42	org.l2jdevs.gameserver.taskmanager.tasks.TaskOlympiadSave	Olympiad System: Data updated.
2025.03.22 20:36:21,051	INFO	58	org.l2jdevs.gameserver.model.actor.instance.L2PcInstance	Master access level set for character GOD.
2025.03.22 20:36:21,054	SEVERE	58	org.l2jdevs.gameserver.model.items.instance.L2ItemInstance	Item item_id=57005 not known, object_id=268480774
2025.03.22 20:36:21,054	SEVERE	58	org.l2jdevs.gameserver.model.items.instance.L2ItemInstance	Item item_id=57004 not known, object_id=268480773
2025.03.22 20:36:21,055	SEVERE	58	org.l2jdevs.gameserver.model.items.instance.L2ItemInstance	Item item_id=57003 not known, object_id=268480772
2025.03.22 20:36:21,056	SEVERE	58	org.l2jdevs.gameserver.model.items.instance.L2ItemInstance	Item item_id=57002 not known, object_id=268480771
2025.03.22 20:36:21,056	SEVERE	58	org.l2jdevs.gameserver.model.items.instance.L2ItemInstance	Item item_id=57001 not known, object_id=268480770
2025.03.22 20:36:21,064	SEVERE	58	org.l2jdevs.gameserver.model.items.instance.L2ItemInstance	Item item_id=26908 not known, object_id=268481090
2025.03.22 20:36:21,065	SEVERE	58	org.l2jdevs.gameserver.model.items.instance.L2ItemInstance	Item item_id=26907 not known, object_id=268481089
2025.03.22 20:37:05,732	INFO	60	org.l2jdevs.gameserver.model.actor.instance.L2PcInstance	Master access level set for character GOD.
2025.03.22 20:37:05,735	SEVERE	60	org.l2jdevs.gameserver.model.items.instance.L2ItemInstance	Item item_id=57005 not known, object_id=268480774
2025.03.22 20:37:05,735	SEVERE	60	org.l2jdevs.gameserver.model.items.instance.L2ItemInstance	Item item_id=57004 not known, object_id=268480773
2025.03.22 20:37:05,736	SEVERE	60	org.l2jdevs.gameserver.model.items.instance.L2ItemInstance	Item item_id=57003 not known, object_id=268480772
2025.03.22 20:37:05,736	SEVERE	60	org.l2jdevs.gameserver.model.items.instance.L2ItemInstance	Item item_id=57002 not known, object_id=268480771
2025.03.22 20:37:05,737	SEVERE	60	org.l2jdevs.gameserver.model.items.instance.L2ItemInstance	Item item_id=57001 not known, object_id=268480770
2025.03.22 20:37:05,746	SEVERE	60	org.l2jdevs.gameserver.model.items.instance.L2ItemInstance	Item item_id=26908 not known, object_id=268481090
2025.03.22 20:37:05,747	SEVERE	60	org.l2jdevs.gameserver.model.items.instance.L2ItemInstance	Item item_id=26907 not known, object_id=268481089
2025.03.22 20:37:06,501	SEVERE	91	org.l2jdevs.gameserver.network.L2GameClient	Client [Character: GOD[268480685] - Account: makusanagi - IP: 127.0.0.1] - Disconnected: Too many unknown packets.
2025.03.22 20:37:13,783	INFO	58	org.l2jdevs.gameserver.model.actor.instance.L2PcInstance	Master access level set for character GOD.
2025.03.22 20:37:13,786	SEVERE	58	org.l2jdevs.gameserver.model.items.instance.L2ItemInstance	Item item_id=57005 not known, object_id=268480774
2025.03.22 20:37:13,786	SEVERE	58	org.l2jdevs.gameserver.model.items.instance.L2ItemInstance	Item item_id=57004 not known, object_id=268480773
2025.03.22 20:37:13,787	SEVERE	58	org.l2jdevs.gameserver.model.items.instance.L2ItemInstance	Item item_id=57003 not known, object_id=268480772
2025.03.22 20:37:13,787	SEVERE	58	org.l2jdevs.gameserver.model.items.instance.L2ItemInstance	Item item_id=57002 not known, object_id=268480771
2025.03.22 20:37:13,788	SEVERE	58	org.l2jdevs.gameserver.model.items.instance.L2ItemInstance	Item item_id=57001 not known, object_id=268480770
2025.03.22 20:37:13,800	SEVERE	58	org.l2jdevs.gameserver.model.items.instance.L2ItemInstance	Item item_id=26908 not known, object_id=268481090
2025.03.22 20:37:13,802	SEVERE	58	org.l2jdevs.gameserver.model.items.instance.L2ItemInstance	Item item_id=26907 not known, object_id=268481089
2025.03.22 20:38:33,183	INFO	60	org.l2jdevs.gameserver.model.actor.instance.L2PcInstance	Master access level set for character GOD.
2025.03.22 20:38:33,186	SEVERE	60	org.l2jdevs.gameserver.model.items.instance.L2ItemInstance	Item item_id=57005 not known, object_id=268480774
2025.03.22 20:38:33,187	SEVERE	60	org.l2jdevs.gameserver.model.items.instance.L2ItemInstance	Item item_id=57004 not known, object_id=268480773
2025.03.22 20:38:33,187	SEVERE	60	org.l2jdevs.gameserver.model.items.instance.L2ItemInstance	Item item_id=57003 not known, object_id=268480772
2025.03.22 20:38:33,188	SEVERE	60	org.l2jdevs.gameserver.model.items.instance.L2ItemInstance	Item item_id=57002 not known, object_id=268480771
2025.03.22 20:38:33,188	SEVERE	60	org.l2jdevs.gameserver.model.items.instance.L2ItemInstance	Item item_id=57001 not known, object_id=268480770
2025.03.22 20:38:33,192	SEVERE	60	org.l2jdevs.gameserver.model.items.instance.L2ItemInstance	Item item_id=26908 not known, object_id=268481090
2025.03.22 20:38:33,193	SEVERE	60	org.l2jdevs.gameserver.model.items.instance.L2ItemInstance	Item item_id=26907 not known, object_id=268481089
2025.03.22 20:44:59,860	INFO	43	org.l2jdevs.gameserver.taskmanager.tasks.TaskSevenSignsUpdate	SevenSigns: Data updated successfully.
